<?xml version="1.0" encoding="UTF-8" ?>
<testsuite failures="5" time="15.073" errors="0" skipped="0" tests="5" name="PDBParserTest">
  <properties>
[...]
</properties>
  <testcase time="7.186" classname="PDBParserTest" name="testTest">
    <failure message="The test case is a prototype." type="junit.framework.AssertionFailedError">junit.framework.AssertionFailedError: The test case is a prototype.
	at junit.framework.Assert.fail(Assert.java:47)
	at PDBParserTest.testTest(PDBParserTest.java:39)
</failure>
    <system-out>Test
structure  1A0S Authors: K.DIEDERICHS,W.WELTE NrBioAssemblies: -1 Classification: OUTER MEMBRANE PROTEIN BioUnitTranformationMap: {} IdCode: 1A0S DepDate: Sun Dec 07 00:00:00 CST 1997 Technique: X-RAY DIFFRACTION  Resolution: 2.4 ModDate: Tue Feb 24 00:00:00 CST 2009 Title: SUCROSE-SPECIFIC PORIN 
 chains:
chain 0: &gt;P&lt; SUCROSE-SPECIFIC PORIN
 length SEQRES: 0 length ATOM: 522 aminos: 413 hetatms: 109 nucleotides: 0
chain 1: &gt;Q&lt; SUCROSE-SPECIFIC PORIN
 length SEQRES: 0 length ATOM: 526 aminos: 413 hetatms: 113 nucleotides: 0
chain 2: &gt;R&lt; SUCROSE-SPECIFIC PORIN
 length SEQRES: 0 length ATOM: 524 aminos: 413 hetatms: 111 nucleotides: 0
DBRefs: 3
DBREF  1A0S P   71   483  UNP    P22340   SCRY_SALTY      93    505
DBREF  1A0S Q   71   483  UNP    P22340   SCRY_SALTY      93    505
DBREF  1A0S R   71   483  UNP    P22340   SCRY_SALTY      93    505
Molecules: 
Compound: 1 SUCROSE-SPECIFIC PORIN Chains: Engineered: YES Gene: SCRY OrganismScientific: SALMONELLA TYPHIMURIUM OrganismTaxId: 602 CellularLocation: OUTER MEMBRANE ExpressionSystem: ESCHERICHIA COLI ExpressionSystemTaxId: 562 ExpressionSystemStrain: K-12, KS 26 ExpressionSystemVectorType: BACTERIAL ExpressionSystemPlasmid: PSO112 ExpressionSystemCellularLocation: OUTER MEMBRANE ChainId: P Q R 


P
	1	amino	SER
		 N  	-47.333	0.941	8.834
		 CA 	-45.849	0.731	8.796
		 C  	-45.191	1.608	7.714
		 O  	-45.455	2.818	7.648
		 CB 	-45.511	-0.764	8.6
		 OG 	-46.116	-1.305	7.434
	2	amino	GLY
		 N  	-44.347	1.018	6.868
		 CA 	-43.702	1.805	5.836
		 C  	-43.533	1.109	4.498
		 O  	-44.5	0.739	3.827
	3	amino	PHE
		 N  	-42.276	0.924	4.128
		 CA 	-41.9	0.316	2.873
		 C  	-41.741	-1.184	2.921
		 O  	-41.277	-1.735	3.908
		 CB 	-40.594	0.947	2.403
		 CG 	-39.939	0.231	1.26
		 CD1	-40.256	0.564	-0.055
		 CD2	-38.97	-0.739	1.494
		 CE1	-39.62	-0.049	-1.113
		 CE2	-38.327	-1.361	0.435
		 CZ 	-38.65	-1.013	-0.869
	4	amino	GLU
		 N  	-42.112	-1.845	1.83
		 CA 	-41.948	-3.289	1.725
		 C  	-41.499	-3.624	0.327
		 O  	-41.927	-2.997	-0.642
		 CB 	-43.237	-4.019	2.036
		 CG 	-43.628	-3.931	3.493
		 CD 	-44.713	-4.925	3.888
		 OE1	-44.888	-5.958	3.192
		 OE2	-45.384	-4.672	4.918
	5	amino	PHE
		 N  	-40.614	-4.603	0.238
		 CA 	-40.07	-5.059	-1.021
		 C  	-40.353	-6.546	-1.217
		 O  	-39.772	-7.388	-0.519
		 CB 	-38.56	-4.816	-1.055
		 CG 	-37.888	-5.363	-2.276
		 CD1	-38.413	-5.118	-3.544
		 CD2	-36.738	-6.136	-2.165
		 CE1	-37.799	-5.64	-4.686
		 CE2	-36.113	-6.665	-3.305
		 CZ 	-36.645	-6.417	-4.568
	6	amino	HIS
		 N  	-41.241	-6.862	-2.165
		 CA 	-41.584	-8.253	-2.482
		 C  	-41.268	-8.554	-3.94
		 O  	-40.989	-7.639	-4.724
		 CB 	-43.063	-8.521	-2.219
		 CG 	-43.471	-8.243	-0.81
		 ND1	-42.996	-8.974	0.257
		 CD2	-44.268	-7.283	-0.286
		 CE1	-43.482	-8.477	1.379
		 NE2	-44.256	-7.451	1.077
	7	amino	GLY
		 N  	-41.276	-9.834	-4.303
		 CA 	-40.991	-10.16	-5.675
		 C  	-40.907	-11.628	-6.013
		 O  	-41.221	-12.504	-5.215
	8	amino	TYR
		 N  	-40.536	-11.88	-7.26
		 CA 	-40.383	-13.222	-7.772
		 C  	-39.23	-13.18	-8.749
		 O  	-38.971	-12.15	-9.377
		 CB 	-41.665	-13.677	-8.477
		 CG 	-41.45	-14.908	-9.296
		 CD1	-40.992	-14.822	-10.614
		 CD2	-41.608	-16.162	-8.735
		 CE1	-40.685	-15.948	-11.339
		 CE2	-41.302	-17.314	-9.459
		 CZ 	-40.834	-17.192	-10.759
		 OH 	-40.459	-18.31	-11.446
	9	amino	ALA
		 N  	-38.525	-14.293	-8.877
		 CA 	-37.401	-14.342	-9.796
		 C  	-36.941	-15.753	-10.081
		 O  	-36.902	-16.584	-9.189
		 CB 	-36.243	-13.521	-9.262
	10	amino	ARG
		 N  	-36.668	-16.021	-11.351
		 CA 	-36.169	-17.308	-11.823
		 C  	-35.026	-16.893	-12.773
		 O  	-35.073	-15.829	-13.403
		 CB 	-37.248	-18.1	-12.602
		 CG 	-37.31	-17.767	-14.108
		 CD 	-38.249	-18.662	-14.95
		 NE 	-39.641	-18.427	-14.61
		 CZ 	-40.498	-17.706	-15.321
		 NH1	-40.136	-17.14	-16.455
		 NH2	-41.721	-17.504	-14.85
	11	amino	SER
		 N  	-33.966	-17.678	-12.801
		 CA 	-32.866	-17.387	-13.689
		 C  	-31.99	-18.585	-13.7
		 O  	-31.734	-19.187	-12.66
		 CB 	-32.071	-16.165	-13.251
		 OG 	-30.916	-16.031	-14.067
	12	amino	GLY
		 N  	-31.545	-18.956	-14.891
		 CA 	-30.699	-20.121	-14.998
		 C  	-30.354	-20.415	-16.42
		 O  	-30.728	-19.676	-17.323
	13	amino	VAL
		 N  	-29.733	-21.57	-16.603
		 CA 	-29.252	-22.042	-17.888
		 C  	-29.759	-23.44	-18.286
		 O  	-29.981	-24.305	-17.427
		 CB 	-27.702	-22.038	-17.815
		 CG1	-27.092	-23.02	-18.75
		 CG2	-27.176	-20.641	-18.085
	14	amino	ILE
		 N  	-29.993	-23.622	-19.59
		 CA 	-30.404	-24.914	-20.181
		 C  	-29.581	-25.132	-21.474
		 O  	-29.52	-24.262	-22.345
		 CB 	-31.894	-24.974	-20.571
		 CG1	-32.783	-24.647	-19.387
		 CG2	-32.266	-26.385	-21.017
		 CD1	-34.268	-24.839	-19.698
	15	amino	MET
		 N  	-28.89	-26.261	-21.548
		 CA 	-28.097	-26.619	-22.719
		 C  	-28.435	-28.056	-23.114
		 O  	-29.074	-28.78	-22.347
		 CB 	-26.613	-26.521	-22.411
		 CG 	-26.153	-27.423	-21.261
		 SD 	-24.436	-27.098	-20.748
		 CE 	-23.633	-28.642	-21.347
	16	amino	ASN
		 N  	-28.082	-28.436	-24.337
		 CA 	-28.326	-29.789	-24.813
		 C  	-27.05	-30.585	-24.589
		 O  	-26.067	-30.051	-24.074
		 CB 	-28.766	-29.805	-26.292
		 CG 	-27.719	-29.204	-27.251
		 OD1	-26.49	-29.294	-27.051
		 ND2	-28.216	-28.609	-28.322
	17	amino	ASP
		 N  	-27.057	-31.85	-24.985
		 CA 	-25.9	-32.714	-24.791
		 C  	-24.668	-32.32	-25.601
		 O  	-23.631	-32.97	-25.506
		 CB 	-26.283	-34.174	-25.053
		 CG 	-27.029	-34.346	-26.349
		 OD1	-28.236	-34.023	-26.39
		 OD2	-26.408	-34.785	-27.332
	18	amino	SER
		 N  	-24.773	-31.256	-26.385
		 CA 	-23.629	-30.809	-27.172
		 C  	-23.098	-29.483	-26.628
		 O  	-22.162	-28.909	-27.178
		 CB 	-24.023	-30.655	-28.635
		 OG 	-24.581	-31.863	-29.118
	19	amino	GLY
		 N  	-23.711	-29.0	-25.551
		 CA 	-23.286	-27.747	-24.962
		 C  	-23.734	-26.562	-25.79
		 O  	-23.029	-25.55	-25.873
	20	amino	ALA
		 N  	-24.902	-26.687	-26.414
		 CA 	-25.449	-25.611	-27.244
		 C  	-26.899	-25.358	-26.886
		 O  	-27.507	-26.136	-26.149
		 CB 	-25.332	-25.957	-28.712
	21	amino	SER
		 N  	-27.468	-24.285	-27.424
		 CA 	-28.855	-23.948	-27.123
		 C  	-29.883	-24.95	-27.608
		 O  	-29.621	-25.716	-28.53
		 CB 	-29.198	-22.563	-27.666
		 OG 	-28.866	-22.46	-29.034
	22	amino	THR
		 N  	-31.039	-24.948	-26.943
		 CA 	-32.172	-25.807	-27.264
		 C  	-33.442	-25.039	-26.976
		 O  	-33.403	-23.866	-26.607
		 CB 	-32.253	-27.091	-26.427
		 OG1	-31.464	-26.966	-25.236
		 CG2	-31.853	-28.304	-27.245
	23	amino	LYS
		 N  	-34.57	-25.71	-27.177
		 CA 	-35.873	-25.118	-26.957
		 C  	-36.33	-25.52	-25.571
		 O  	-36.031	-26.627	-25.106
		 CB 	-36.871	-25.618	-28.022
		 CG 	-36.469	-25.286	-29.468
		 CD 	-36.236	-23.774	-29.657
		 CE 	-35.93	-23.416	-31.112
		 NZ 	-34.873	-24.327	-31.692
	24	amino	SER
		 N  	-37.033	-24.62	-24.896
		 CA 	-37.535	-24.904	-23.559
		 C  	-38.72	-24.006	-23.331
		 O  	-38.965	-23.098	-24.113
		 CB 	-36.462	-24.635	-22.503
		 OG 	-36.038	-23.282	-22.543
	25	amino	GLY
		 N  	-39.503	-24.299	-22.304
		 CA 	-40.663	-23.467	-22.021
		 C  	-41.858	-24.275	-21.566
		 O  	-42.052	-25.414	-21.992
	26	amino	ALA
		 N  	-42.643	-23.703	-20.668
		 CA 	-43.815	-24.39	-20.172
		 C  	-44.859	-24.461	-21.29
		 O  	-45.727	-25.335	-21.28
		 CB 	-44.385	-23.652	-18.951
	27	amino	TYR
		 N  	-44.735	-23.552	-22.261
		 CA 	-45.666	-23.452	-23.387
		 C  	-45.083	-23.767	-24.771
		 O  	-45.531	-23.185	-25.756
		 CB 	-46.271	-22.041	-23.431
		 CG 	-47.138	-21.699	-22.243
		 CD1	-46.573	-21.302	-21.016
		 CD2	-48.533	-21.805	-22.326
		 CE1	-47.383	-21.026	-19.909
		 CE2	-49.351	-21.526	-21.219
		 CZ 	-48.774	-21.143	-20.017
		 OH 	-49.602	-20.912	-18.935
	28	amino	ILE
		 N  	-44.134	-24.703	-24.858
		 CA 	-43.535	-25.009	-26.15
		 C  	-44.23	-25.96	-27.087
		 O  	-43.877	-25.988	-28.271
		 CB 	-42.071	-25.472	-26.088
		 CG1	-41.922	-26.753	-25.281
		 CG2	-41.175	-24.302	-25.707
		 CD1	-40.558	-27.421	-25.504
	29	amino	THR
		 N  	-45.154	-26.775	-26.586
		 CA 	-45.855	-27.7	-27.474
		 C  	-46.909	-26.904	-28.255
		 O  	-47.249	-25.76	-27.89
		 CB 	-46.588	-28.812	-26.703
		 OG1	-47.701	-28.246	-25.995
		 CG2	-45.671	-29.487	-25.741
	30	amino	PRO
		 N  	-47.389	-27.468	-29.376
		 CA 	-48.408	-26.79	-30.181
		 C  	-49.623	-26.407	-29.322
		 O  	-50.266	-25.369	-29.533
		 CB 	-48.756	-27.862	-31.227
		 CG 	-47.413	-28.487	-31.485
		 CD 	-46.839	-28.637	-30.084
	31	amino	ALA
		 N  	-49.905	-27.242	-28.327
		 CA 	-51.033	-27.019	-27.419
		 C  	-50.864	-25.734	-26.591
		 O  	-51.853	-25.113	-26.165
		 CB 	-51.215	-28.238	-26.496
	32	amino	GLY
		 N  	-49.607	-25.319	-26.432
		 CA 	-49.279	-24.13	-25.668
		 C  	-49.829	-22.802	-26.163
		 O  	-49.962	-21.846	-25.375
	33	amino	GLU
		 N  	-50.159	-22.721	-27.451
		 CA 	-50.685	-21.477	-28.008
		 C  	-52.063	-21.179	-27.473
		 O  	-52.513	-20.036	-27.493
		 CB 	-50.737	-21.551	-29.529
		 CG 	-49.397	-21.813	-30.161
		 CD 	-49.37	-21.478	-31.647
		 OE1	-50.458	-21.315	-32.257
		 OE2	-48.247	-21.386	-32.205
	34	amino	THR
		 N  	-52.764	-22.228	-27.074
		 CA 	-54.101	-22.074	-26.518
		 C  	-54.113	-22.333	-25.004
		 O  	-55.154	-22.643	-24.433
		 CB 	-55.129	-22.97	-27.271
		 OG1	-54.594	-24.291	-27.479
		 CG2	-55.464	-22.347	-28.626
	35	amino	GLY
		 N  	-52.939	-22.232	-24.371
		 CA 	-52.822	-22.409	-22.931
		 C  	-52.338	-23.755	-22.435
		 O  	-52.247	-23.972	-21.221
	36	amino	GLY
		 N  	-51.973	-24.639	-23.358
		 CA 	-51.536	-25.976	-22.979
		 C  	-50.154	-26.097	-22.366
		 O  	-49.254	-26.707	-22.965
	37	amino	ALA
		 N  	-49.996	-25.571	-21.151
		 CA 	-48.721	-25.606	-20.435
		 C  	-48.268	-27.0	-19.974
		 O  	-49.087	-27.903	-19.804
		 CB 	-48.8	-24.689	-19.258
	38	amino	ILE
		 N  	-46.956	-27.193	-19.839
		 CA 	-46.403	-28.463	-19.347
		 C  	-45.433	-28.153	-18.209
		 O  	-45.202	-26.986	-17.879
		 CB 	-45.627	-29.263	-20.419
		 CG1	-44.597	-28.369	-21.122
		 CG2	-46.593	-29.997	-21.349
		 CD1	-43.504	-29.164	-21.818
	39	amino	GLY
		 N  	-44.858	-29.195	-17.617
		 CA 	-43.933	-28.988	-16.521
		 C  	-42.871	-27.923	-16.792
		 O  	-42.303	-27.821	-17.883
	40	amino	ARG
		 N  	-42.586	-27.12	-15.78
		 CA 	-41.596	-26.079	-15.921
		 C  	-40.221	-26.425	-15.367
		 O  	-39.258	-25.698	-15.62
		 CB 	-42.085	-24.82	-15.25
		 CG 	-42.036	-24.859	-13.743
		 CD 	-41.726	-23.465	-13.244
		 NE 	-42.916	-22.75	-12.833
		 CZ 	-43.071	-21.431	-12.903
		 NH1	-42.119	-20.657	-13.394
		 NH2	-44.166	-20.877	-12.402
	41	amino	LEU
		 N  	-40.114	-27.53	-14.633
		 CA 	-38.835	-27.901	-14.032
		 C  	-37.798	-28.239	-15.086
		 O  	-38.021	-29.116	-15.924
		 CB 	-38.995	-29.091	-13.084
		 CG 	-38.362	-29.103	-11.681
		 CD1	-38.077	-30.557	-11.328
		 CD2	-37.103	-28.282	-11.589
	42	amino	GLY
		 N  	-36.646	-27.579	-14.993
		 CA 	-35.562	-27.801	-15.939
		 C  	-36.046	-27.474	-17.339
		 O  	-35.512	-27.999	-18.312
	43	amino	ASN
		 N  	-37.034	-26.581	-17.415
		 CA 	-37.66	-26.198	-18.658
		 C  	-37.93	-24.7	-18.801
		 O  	-38.901	-24.305	-19.457
		 CB 	-38.968	-26.97	-18.808
		 CG 	-39.452	-27.032	-20.249
		 OD1	-38.653	-26.937	-21.187
		 ND2	-40.757	-27.199	-20.431
	44	amino	GLN
		 N  	-37.103	-23.87	-18.157
		 CA 	-37.216	-22.408	-18.264
		 C  	-35.811	-21.813	-18.241
		 O  	-35.094	-21.887	-17.226
		 CB 	-38.077	-21.819	-17.161
		 CG 	-39.516	-22.202	-17.293
		 CD 	-40.394	-21.469	-16.318
		 OE1	-41.423	-20.925	-16.706
		 NE2	-40.006	-21.46	-15.038
	45	amino	ALA
		 N  	-35.396	-21.285	-19.389
		 CA 	-34.065	-20.722	-19.513
		 C  	-34.019	-19.208	-19.494
		 O  	-32.968	-18.633	-19.71
		 CB 	-33.386	-21.259	-20.752
	46	amino	ASP
		 N  	-35.151	-18.557	-19.246
		 CA 	-35.183	-17.106	-19.189
		 C  	-34.886	-16.546	-17.805
		 O  	-34.9	-17.259	-16.811
		 CB 	-36.539	-16.576	-19.653
		 CG 	-37.699	-17.109	-18.835
		 OD1	-37.534	-18.149	-18.165
		 OD2	-38.79	-16.493	-18.881
	47	amino	THR
		 N  	-34.576	-15.262	-17.756
		 CA 	-34.319	-14.575	-16.5
		 C  	-35.515	-13.626	-16.366
		 O  	-35.576	-12.58	-17.016
		 CB 	-32.986	-13.801	-16.529
		 OG1	-31.89	-14.729	-16.558
		 CG2	-32.86	-12.935	-15.324
	48	amino	TYR
		 N  	-36.507	-14.053	-15.591
		 CA 	-37.715	-13.279	-15.391
		 C  	-37.72	-12.705	-13.968
		 O  	-37.396	-13.403	-13.0
		 CB 	-38.932	-14.178	-15.641
		 CG 	-40.244	-13.455	-15.5
		 CD1	-40.68	-12.575	-16.476
		 CD2	-41.042	-13.631	-14.367
		 CE1	-41.864	-11.884	-16.322
		 CE2	-42.228	-12.949	-14.215
		 CZ 	-42.626	-12.085	-15.186
		 OH 	-43.776	-11.385	-15.022
	49	amino	VAL
		 N  	-38.081	-11.43	-13.846
		 CA 	-38.088	-10.757	-12.559
		 C  	-39.301	-9.844	-12.363
		 O  	-39.717	-9.133	-13.296
		 CB 	-36.8	-9.888	-12.388
		 CG1	-36.828	-9.151	-11.072
		 CG2	-35.566	-10.752	-12.422
	50	amino	GLU
		 N  	-39.854	-9.878	-11.142
		 CA 	-40.986	-9.033	-10.741
		 C  	-40.541	-8.332	-9.466
		 O  	-40.135	-8.976	-8.497
		 CB 	-42.243	-9.849	-10.48
		 CG 	-42.876	-10.376	-11.756
		 CD 	-44.028	-11.348	-11.521
		 OE1	-44.307	-11.716	-10.355
		 OE2	-44.662	-11.763	-12.512
	51	amino	MET
		 N  	-40.532	-7.004	-9.514
		 CA 	-40.117	-6.183	-8.384
		 C  	-41.301	-5.391	-7.854
		 O  	-41.785	-4.469	-8.502
		 CB 	-38.971	-5.249	-8.808
		 CG 	-37.711	-6.008	-9.271
		 SD 	-36.526	-4.924	-10.106
		 CE 	-37.022	-5.182	-11.848
	52	amino	ASN
		 N  	-41.764	-5.762	-6.667
		 CA 	-42.904	-5.11	-6.036
		 C  	-42.442	-4.182	-4.896
		 O  	-41.887	-4.64	-3.897
		 CB 	-43.847	-6.179	-5.507
		 CG 	-44.177	-7.233	-6.551
		 OD1	-44.651	-6.902	-7.621
		 ND2	-43.927	-8.503	-6.246
	53	amino	LEU
		 N  	-42.612	-2.879	-5.096
		 CA 	-42.238	-1.858	-4.124
		 C  	-43.543	-1.368	-3.5
		 O  	-44.466	-0.958	-4.209
		 CB 	-41.539	-0.683	-4.827
		 CG 	-40.273	-0.905	-5.673
		 CD1	-39.861	0.428	-6.269
		 CD2	-39.137	-1.441	-4.847
	54	amino	GLU
		 N  	-43.64	-1.422	-2.178
		 CA 	-44.874	-0.996	-1.536
		 C  	-44.673	0.029	-0.464
		 O  	-43.604	0.146	0.13
		 CB 	-45.627	-2.178	-0.908
		 CG 	-45.854	-3.369	-1.831
		 CD 	-46.784	-4.423	-1.256
		 OE1	-47.69	-4.09	-0.46
		 OE2	-46.627	-5.601	-1.634
	55	amino	HIS
		 N  	-45.756	0.743	-0.209
		 CA 	-45.814	1.755	0.808
		 C  	-47.132	1.552	1.55
		 O  	-48.2	1.925	1.066
		 CB 	-45.764	3.136	0.19
		 CG 	-45.785	4.235	1.203
		 ND1	-46.942	4.888	1.563
		 CD2	-44.788	4.804	1.924
		 CE1	-46.657	5.818	2.457
		 NE2	-45.358	5.788	2.693
	56	amino	LYS
		 N  	-47.047	0.853	2.68
		 CA 	-48.202	0.56	3.53
		 C  	-48.302	1.592	4.657
		 O  	-47.328	2.218	5.048
		 CB 	-48.073	-0.826	4.154
		 CG 	-48.27	-2.007	3.238
		 CD 	-48.15	-3.281	4.069
		 CE 	-48.846	-4.494	3.438
		 NZ 	-48.1	-5.152	2.313
	57	amino	GLN
		 N  	-49.487	1.705	5.23
		 CA 	-49.728	2.649	6.301
		 C  	-50.946	2.191	7.069
		 O  	-51.973	1.86	6.484
		 CB 	-49.977	4.026	5.7
		 CG 	-50.237	5.139	6.682
		 CD 	-50.547	6.469	5.982
		 OE1	-50.934	6.5	4.795
		 NE2	-50.387	7.574	6.718
	58	amino	THR
		 N  	-50.799	2.073	8.382
		 CA 	-51.917	1.675	9.226
		 C  	-52.225	2.834	10.158
		 O  	-51.351	3.29	10.878
		 CB 	-51.593	0.412	10.043
		 OG1	-51.26	-0.653	9.147
		 CG2	-52.8	-0.012	10.881
	59	amino	LEU
		 N  	-53.427	3.382	10.056
		 CA 	-53.826	4.481	10.922
		 C  	-54.353	3.963	12.263
		 O  	-54.809	2.82	12.373
		 CB 	-54.869	5.369	10.241
		 CG 	-54.307	6.462	9.327
		 CD1	-53.799	5.846	8.058
		 CD2	-55.376	7.481	9.004
	60	amino	ASP
		 N  	-54.285	4.817	13.278
		 CA 	-54.736	4.473	14.622
		 C  	-56.163	3.899	14.691
		 O  	-56.431	2.987	15.486
		 CB 	-54.571	5.677	15.567
		 CG 	-54.971	7.007	14.918
		 OD1	-55.986	7.049	14.171
		 OD2	-54.256	8.013	15.161
	61	amino	ASN
		 N  	-57.057	4.381	13.831
		 CA 	-58.44	3.904	13.836
		 C  	-58.654	2.557	13.151
		 O  	-59.789	2.147	12.929
		 CB 	-59.369	4.957	13.235
		 CG 	-58.948	5.378	11.85
		 OD1	-58.439	4.57	11.075
		 ND2	-59.146	6.65	11.53
	62	amino	GLY
		 N  	-57.559	1.872	12.826
		 CA 	-57.647	0.569	12.173
		 C  	-57.629	0.613	10.648
		 O  	-57.447	-0.42	9.989
	63	amino	ALA
		 N  	-57.81	1.808	10.09
		 CA 	-57.818	1.999	8.644
		 C  	-56.435	1.854	8.027
		 O  	-55.455	2.428	8.506
		 CB 	-58.406	3.356	8.289
	64	amino	THR
		 N  	-56.36	1.055	6.971
		 CA 	-55.104	0.847	6.282
		 C  	-55.11	1.503	4.917
		 O  	-56.145	1.689	4.272
		 CB 	-54.736	-0.645	6.128
		 OG1	-55.751	-1.325	5.375
		 CG2	-54.59	-1.29	7.488
	65	amino	THR
		 N  	-53.904	1.819	4.491
		 CA 	-53.62	2.455	3.229
		 C  	-52.521	1.589	2.608
		 O  	-51.676	1.039	3.327
		 CB 	-53.159	3.903	3.511
		 OG1	-54.248	4.798	3.265
		 CG2	-51.957	4.284	2.721
	66	amino	ARG
		 N  	-52.599	1.374	1.296
		 CA 	-51.603	0.557	0.607
		 C  	-51.385	0.892	-0.855
		 O  	-52.312	0.897	-1.675
		 CB 	-51.952	-0.909	0.687
		 CG 	-50.927	-1.761	0.002
		 CD 	-51.434	-3.168	-0.162
		 NE 	-50.406	-4.042	-0.712
		 CZ 	-50.662	-5.124	-1.45
		 NH1	-51.924	-5.441	-1.736
		 NH2	-49.664	-5.927	-1.84
	67	amino	PHE
		 N  	-50.13	1.154	-1.18
		 CA 	-49.765	1.44	-2.549
		 C  	-48.7	0.429	-2.971
		 O  	-47.77	0.142	-2.211
		 CB 	-49.238	2.863	-2.696
		 CG 	-48.535	3.091	-3.993
		 CD1	-49.252	3.453	-5.133
		 CD2	-47.16	2.883	-4.093
		 CE1	-48.617	3.601	-6.353
		 CE2	-46.509	3.031	-5.316
		 CZ 	-47.24	3.391	-6.451
	68	amino	LYS
		 N  	-48.849	-0.099	-4.184
		 CA 	-47.919	-1.078	-4.729
		 C  	-47.66	-0.863	-6.234
		 O  	-48.575	-0.485	-6.988
		 CB 	-48.467	-2.482	-4.497
		 CG 	-47.67	-3.583	-5.178
		 CD 	-48.446	-4.908	-5.193
		 CE 	-47.626	-6.02	-5.82
		 NZ 	-48.217	-7.362	-5.57
	69	amino	VAL
		 N  	-46.4	-1.056	-6.643
		 CA 	-45.993	-0.955	-8.044
		 C  	-45.308	-2.242	-8.39
		 O  	-44.536	-2.742	-7.586
		 CB 	-44.845	0.035	-8.331
		 CG1	-45.067	0.684	-9.691
		 CG2	-44.629	1.019	-7.229
	70	amino	MET
		 N  	-45.574	-2.777	-9.579
		 CA 	-44.853	-3.953	-10.024
		 C  	-44.097	-3.539	-11.285
		 O  	-44.634	-2.804	-12.129
		 CB 	-45.766	-5.115	-10.337
		 CG 	-44.983	-6.307	-10.846
		 SD 	-46.028	-7.689	-11.265
		 CE 	-45.896	-8.716	-9.849
	71	amino	VAL
		 N  	-42.823	-3.917	-11.352
		 CA 	-41.971	-3.614	-12.499
		 C  	-41.421	-4.979	-12.885
		 O  	-40.808	-5.664	-12.058
		 CB 	-40.81	-2.66	-12.124
		 CG1	-39.861	-2.486	-13.308
		 CG2	-41.358	-1.304	-11.703
	72	amino	ALA
		 N  	-41.704	-5.421	-14.109
		 CA 	-41.24	-6.734	-14.54
		 C  	-40.411	-6.733	-15.827
		 O  	-40.415	-5.784	-16.608
		 CB 	-42.42	-7.666	-14.687
	73	amino	ASP
		 N  	-39.684	-7.823	-16.019
		 CA 	-38.849	-7.995	-17.18
		 C  	-38.601	-9.49	-17.37
		 O  	-38.627	-10.251	-16.416
		 CB 	-37.513	-7.258	-16.993
		 CG 	-36.561	-7.447	-18.183
		 OD1	-37.009	-7.3	-19.338
		 OD2	-35.382	-7.788	-17.978
	74	amino	GLY
		 N  	-38.416	-9.901	-18.618
		 CA 	-38.123	-11.286	-18.933
		 C  	-37.148	-11.254	-20.099
		 O  	-37.435	-10.619	-21.119
	75	amino	GLN
		 N  	-35.979	-11.875	-19.931
		 CA 	-34.936	-11.932	-20.97
		 C  	-34.528	-13.367	-21.255
		 O  	-34.495	-14.182	-20.331
		 CB 	-33.687	-11.198	-20.514
		 CG 	-33.868	-9.716	-20.356
		 CD 	-34.195	-9.057	-21.667
		 OE1	-33.482	-9.237	-22.652
		 NE2	-35.295	-8.321	-21.704
	76	amino	THR
		 N  	-34.252	-13.693	-22.521
		 CA 	-33.808	-15.05	-22.838
		 C  	-32.297	-15.052	-22.924
		 O  	-31.648	-16.095	-22.82
		 CB 	-34.468	-15.642	-24.13
		 OG1	-34.283	-14.737	-25.21
		 CG2	-35.966	-15.849	-23.929
	77	amino	SER
		 N  	-31.742	-13.855	-23.043
		 CA 	-30.304	-13.662	-23.113
		 C  	-29.62	-13.93	-21.76
		 O  	-30.167	-13.625	-20.692
		 CB 	-30.004	-12.239	-23.522
		 OG 	-28.604	-12.059	-23.59
	78	amino	TYR
		 N  	-28.394	-14.435	-21.821
		 CA 	-27.607	-14.745	-20.646
		 C  	-26.674	-13.597	-20.27
		 O  	-26.054	-13.614	-19.192
		 CB 	-26.714	-15.938	-20.928
		 CG 	-27.396	-17.271	-21.038
		 CD1	-28.64	-17.498	-20.477
		 CD2	-26.776	-18.321	-21.712
		 CE1	-29.254	-18.745	-20.59
		 CE2	-27.375	-19.563	-21.823
		 CZ 	-28.609	-19.77	-21.265
		 OH 	-29.189	-21.011	-21.402
	79	amino	ASN
		 N  	-26.558	-12.612	-21.149
		 CA 	-25.636	-11.523	-20.92
		 C  	-25.976	-10.592	-19.796
		 O  	-27.149	-10.421	-19.451
		 CB 	-25.412	-10.756	-22.221
		 CG 	-24.844	-11.642	-23.318
		 OD1	-24.337	-12.728	-23.046
		 ND2	-24.93	-11.187	-24.555
	80	amino	ASP
		 N  	-24.93	-9.962	-19.258
		 CA 	-25.042	-9.016	-18.133
		 C  	-25.58	-7.635	-18.481
		 O  	-25.795	-6.839	-17.591
		 CB 	-23.679	-8.835	-17.467
		 CG 	-22.63	-8.435	-18.446
		 OD1	-22.223	-9.309	-19.23
		 OD2	-22.242	-7.254	-18.475
	81	amino	TRP
		 N  	-25.734	-7.336	-19.766
		 CA 	-26.261	-6.036	-20.226
		 C  	-27.219	-6.361	-21.357
		 O  	-26.81	-6.935	-22.384
		 CB 	-25.116	-5.152	-20.741
		 CG 	-25.528	-3.82	-21.286
		 CD1	-25.78	-3.512	-22.594
		 CD2	-25.704	-2.603	-20.546
		 NE1	-26.1	-2.176	-22.711
		 CE2	-26.065	-1.596	-21.473
		 CE3	-25.59	-2.258	-19.185
		 CZ2	-26.317	-0.265	-21.084
		 CZ3	-25.838	-0.927	-18.796
		 CH2	-26.198	0.049	-19.746
	82	amino	THR
		 N  	-28.49	-6.017	-21.162
		 CA 	-29.53	-6.318	-22.143
		 C  	-30.413	-5.14	-22.479
		 O  	-31.623	-5.288	-22.647
		 CB 	-30.431	-7.482	-21.663
		 OG1	-30.938	-7.199	-20.343
		 CG2	-29.651	-8.79	-21.659
	83	amino	ALA
		 N  	-29.806	-3.966	-22.612
		 CA 	-30.573	-2.766	-22.937
		 C  	-31.306	-2.873	-24.281
		 O  	-32.478	-2.52	-24.38
		 CB 	-29.674	-1.575	-22.931
	84	amino	SER
		 N  	-30.642	-3.422	-25.294
		 CA 	-31.243	-3.525	-26.625
		 C  	-32.5	-4.364	-26.701
		 O  	-33.364	-4.084	-27.52
		 CB 	-30.23	-4.029	-27.638
		 OG 	-29.871	-5.367	-27.369
	85	amino	THR
		 N  	-32.623	-5.366	-25.83
		 CA 	-33.806	-6.235	-25.803
		 C  	-34.605	-6.201	-24.486
		 O  	-35.384	-7.111	-24.223
		 CB 	-33.392	-7.655	-25.975
		 OG1	-32.39	-7.936	-24.996
		 CG2	-32.876	-7.892	-27.36
	86	amino	SER
		 N  	-34.421	-5.166	-23.671
		 CA 	-35.097	-5.04	-22.373
		 C  	-36.621	-4.958	-22.447
		 O  	-37.16	-4.213	-23.255
		 CB 	-34.552	-3.794	-21.65
		 OG 	-35.052	-3.648	-20.329
	87	amino	ASP
		 N  	-37.315	-5.695	-21.581
		 CA 	-38.793	-5.67	-21.537
		 C  	-39.339	-5.062	-20.247
		 O  	-40.487	-5.296	-19.877
		 CB 	-39.385	-7.082	-21.727
		 CG 	-39.574	-7.457	-23.206
		 OD1	-39.37	-6.581	-24.087
		 OD2	-39.924	-8.637	-23.487
	88	amino	LEU
		 N  	-38.507	-4.283	-19.561
		 CA 	-38.854	-3.625	-18.292
		 C  	-40.123	-2.79	-18.435
		 O  	-40.18	-1.87	-19.253
		 CB 	-37.678	-2.75	-17.852
		 CG 	-37.068	-2.837	-16.438
		 CD1	-37.088	-4.23	-15.842
		 CD2	-35.624	-2.364	-16.534
	89	amino	ASN
		 N  	-41.163	-3.147	-17.686
		 CA 	-42.414	-2.402	-17.767
		 C  	-43.213	-2.458	-16.482
		 O  	-43.097	-3.401	-15.713
		 CB 	-43.278	-2.889	-18.945
		 CG 	-43.873	-4.266	-18.72
		 OD1	-45.057	-4.392	-18.465
		 ND2	-43.058	-5.303	-18.841
	90	amino	VAL
		 N  	-44.056	-1.455	-16.286
		 CA 	-44.882	-1.358	-15.108
		 C  	-46.155	-2.147	-15.307
		 O  	-47.065	-1.72	-16.02
		 CB 	-45.219	0.122	-14.775
		 CG1	-46.18	0.194	-13.593
		 CG2	-43.913	0.888	-14.476
	91	amino	ARG
		 N  	-46.179	-3.317	-14.683
		 CA 	-47.296	-4.256	-14.697
		 C  	-48.471	-3.83	-13.792
		 O  	-49.607	-4.163	-14.096
		 CB 	-46.799	-5.588	-14.17
		 CG 	-45.728	-6.234	-14.986
		 CD 	-46.388	-7.122	-15.925
		 NE 	-46.129	-8.502	-15.636
		 CZ 	-47.014	-9.46	-15.833
		 NH1	-48.211	-9.151	-16.287
		 NH2	-46.659	-10.726	-15.684
	92	amino	GLN
		 N  	-48.183	-3.183	-12.648
		 CA 	-49.222	-2.744	-11.697
		 C  	-48.861	-1.454	-10.979
		 O  	-47.683	-1.139	-10.766
		 CB 	-49.483	-3.78	-10.593
		 CG 	-49.686	-5.2	-11.053
		 CD 	-49.855	-6.169	-9.901
		 OE1	-49.072	-7.115	-9.74
		 NE2	-50.903	-5.97	-9.123
	93	amino	ALA
		 N  	-49.899	-0.748	-10.555
		 CA 	-49.787	0.513	-9.827
		 C  	-51.194	0.748	-9.255
		 O  	-52.112	1.135	-9.981
		 CB 	-49.365	1.649	-10.77
	94	amino	PHE
		 N  	-51.39	0.385	-7.987
		 CA 	-52.706	0.551	-7.365
		 C  	-52.685	0.972	-5.917
		 O  	-51.658	0.886	-5.235
		 CB 	-53.539	-0.722	-7.487
		 CG 	-52.954	-1.903	-6.775
		 CD1	-51.905	-2.626	-7.34
		 CD2	-53.466	-2.31	-5.543
		 CE1	-51.371	-3.745	-6.687
		 CE2	-52.945	-3.421	-4.885
		 CZ 	-51.89	-4.14	-5.464
	95	amino	VAL
		 N  	-53.858	1.393	-5.452
		 CA 	-54.051	1.837	-4.086
		 C  	-55.191	1.058	-3.473
		 O  	-56.215	0.812	-4.13
		 CB 	-54.374	3.355	-4.019
		 CG1	-55.004	3.727	-2.681
		 CG2	-53.095	4.17	-4.223
	96	amino	GLU
		 N  	-54.963	0.599	-2.244
		 CA 	-55.961	-0.123	-1.476
		 C  	-56.262	0.637	-0.172
		 O  	-55.348	1.045	0.564
		 CB 	-55.485	-1.538	-1.155
		 CG 	-55.62	-2.504	-2.295
		 CD 	-55.149	-3.888	-1.938
		 OE1	-54.215	-4.011	-1.126
		 OE2	-55.68	-4.874	-2.482
	97	amino	LEU
		 N  	-57.548	0.885	0.057
		 CA 	-58.021	1.541	1.272
		 C  	-58.817	0.474	2.051
		 O  	-59.938	0.13	1.68
		 CB 	-58.926	2.732	0.94
		 CG 	-58.38	3.861	0.051
		 CD1	-59.387	5.028	0.044
		 CD2	-57.017	4.343	0.558
	98	amino	GLY
		 N  	-58.231	-0.059	3.115
		 CA 	-58.931	-1.08	3.864
		 C  	-59.439	-0.692	5.241
		 O  	-59.07	0.357	5.79
	99	amino	ASN
		 N  	-60.377	-1.508	5.733
		 CA 	-60.966	-1.367	7.061
		 C  	-61.31	0.079	7.426
		 O  	-60.855	0.605	8.446
		 CB 	-59.976	-1.961	8.068
		 CG 	-60.617	-2.329	9.367
		 OD1	-61.822	-2.617	9.426
		 ND2	-59.813	-2.343	10.434
	100	amino	LEU
		 N  	-62.072	0.741	6.566
		 CA 	-62.425	2.118	6.857
		 C  	-63.486	2.142	7.948
		 O  	-64.394	1.29	7.958
		 CB 	-62.922	2.855	5.605
		 CG 	-61.923	3.111	4.476
		 CD1	-62.542	4.044	3.461
		 CD2	-60.663	3.715	5.028
	101	amino	PRO
		 N  	-63.348	3.078	8.912
		 CA 	-64.276	3.249	10.039
		 C  	-65.687	3.64	9.603
		 O  	-66.665	3.349	10.283
		 CB 	-63.613	4.352	10.863
		 CG 	-62.798	5.115	9.843
		 CD 	-62.209	4.005	9.029
	102	amino	THR
		 N  	-65.787	4.258	8.438
		 CA 	-67.063	4.685	7.884
		 C  	-67.871	3.551	7.215
		 O  	-69.07	3.672	7.009
		 CB 	-66.805	5.879	6.932
		 OG1	-67.082	7.103	7.629
		 CG2	-67.576	5.775	5.598
	103	amino	PHE
		 N  	-67.221	2.432	6.93
		 CA 	-67.879	1.299	6.291
		 C  	-68.515	0.383	7.298
		 O  	-67.817	-0.337	8.014
		 CB 	-66.878	0.466	5.485
		 CG 	-66.488	1.075	4.181
		 CD1	-66.625	2.445	3.961
		 CD2	-65.974	0.274	3.165
		 CE1	-66.255	3.011	2.748
		 CE2	-65.603	0.828	1.949
		 CZ 	-65.742	2.198	1.737
	104	amino	ALA
		 N  	-69.842	0.32	7.268
		 CA 	-70.596	-0.545	8.181
		 C  	-71.357	-1.693	7.479
		 O  	-71.319	-1.839	6.252
		 CB 	-71.562	0.297	9.012
	105	amino	GLY
		 N  	-72.039	-2.508	8.28
		 CA 	-72.807	-3.611	7.746
		 C  	-71.944	-4.591	6.993
		 O  	-70.863	-4.949	7.463
	106	amino	PRO
		 N  	-72.382	-5.022	5.796
		 CA 	-71.668	-5.978	4.934
		 C  	-70.303	-5.481	4.432
		 O  	-69.454	-6.272	4.011
		 CB 	-72.664	-6.214	3.795
		 CG 	-73.417	-4.919	3.722
		 CD 	-73.646	-4.59	5.17
	107	amino	PHE
		 N  	-70.103	-4.171	4.527
		 CA 	-68.867	-3.524	4.114
		 C  	-67.88	-3.375	5.262
		 O  	-66.831	-2.764	5.099
		 CB 	-69.175	-2.14	3.567
		 CG 	-70.083	-2.156	2.38
		 CD1	-69.6	-2.514	1.121
		 CD2	-71.42	-1.779	2.503
		 CE1	-70.44	-2.491	-0.005
		 CE2	-72.266	-1.751	1.384
		 CZ 	-71.768	-2.11	0.128
	108	amino	LYS
		 N  	-68.206	-3.949	6.412
		 CA 	-67.361	-3.849	7.592
		 C  	-65.85	-3.96	7.363
		 O  	-65.114	-2.971	7.504
		 CB 	-67.802	-4.86	8.662
		 CG 	-67.129	-4.652	10.014
		 CD 	-67.445	-3.267	10.572
		 CE 	-66.562	-2.916	11.771
		 NZ 	-65.139	-2.665	11.371
	109	amino	GLY
		 N  	-65.365	-5.141	7.027
		 CA 	-63.927	-5.237	6.856
		 C  	-63.467	-5.201	5.418
		 O  	-62.355	-5.632	5.113
	110	amino	SER
		 N  	-64.317	-4.67	4.542
		 CA 	-64.014	-4.614	3.121
		 C  	-62.899	-3.643	2.738
		 O  	-62.672	-2.616	3.398
		 CB 	-65.276	-4.287	2.322
		 OG 	-65.61	-2.915	2.44
	111	amino	THR
		 N  	-62.222	-3.977	1.641
		 CA 	-61.132	-3.153	1.128
		 C  	-61.389	-2.655	-0.299
		 O  	-61.677	-3.445	-1.196
		 CB 	-59.723	-3.866	1.273
		 OG1	-58.8	-3.326	0.312
		 CG2	-59.823	-5.332	1.072
	112	amino	LEU
		 N  	-61.371	-1.328	-0.45
		 CA 	-61.568	-0.638	-1.726
		 C  	-60.244	-0.535	-2.49
		 O  	-59.186	-0.397	-1.88
		 CB 	-62.035	0.79	-1.479
		 CG 	-63.437	1.276	-1.825
		 CD1	-63.353	2.809	-1.808
		 CD2	-63.941	0.761	-3.192
	113	amino	TRP
		 N  	-60.304	-0.573	-3.82
		 CA 	-59.088	-0.443	-4.629
		 C  	-59.335	0.249	-5.98
		 O  	-60.482	0.326	-6.476
		 CB 	-58.42	-1.798	-4.834
		 CG 	-59.177	-2.688	-5.747
		 CD1	-60.139	-3.613	-5.408
		 CD2	-59.062	-2.736	-7.173
		 NE1	-60.631	-4.23	-6.541
		 CE2	-59.989	-3.709	-7.64
		 CE3	-58.266	-2.05	-8.113
		 CZ2	-60.141	-4.008	-8.999
		 CZ3	-58.422	-2.355	-9.474
		 CH2	-59.353	-3.321	-9.897
	114	amino	ALA
		 N  	-58.256	0.78	-6.55
		 CA 	-58.3	1.459	-7.834
		 C  	-56.885	1.492	-8.406
		 O  	-55.904	1.616	-7.657
		 CB 	-58.844	2.855	-7.68
	115	amino	GLY
		 N  	-56.792	1.374	-9.731
		 CA 	-55.508	1.376	-10.411
		 C  	-55.319	0.144	-11.285
		 O  	-56.254	-0.613	-11.533
	116	amino	LYS
		 N  	-54.1	-0.039	-11.769
		 CA 	-53.751	-1.181	-12.6
		 C  	-53.213	-2.272	-11.661
		 O  	-52.23	-2.043	-10.943
		 CB 	-52.688	-0.74	-13.631
		 CG 	-52.061	-1.857	-14.445
		 CD 	-51.105	-1.313	-15.487
		 CE 	-51.837	-0.459	-16.513
		 NZ 	-50.944	-0.042	-17.628
	117	amino	ARG
		 N  	-53.811	-3.465	-11.692
		 CA 	-53.357	-4.522	-10.791
		 C  	-53.758	-5.887	-11.275
		 O  	-54.539	-5.998	-12.21
		 CB 	-54.063	-4.357	-9.441
		 CG 	-55.576	-4.719	-9.538
		 CD 	-56.267	-4.847	-8.195
		 NE 	-55.588	-5.8	-7.331
		 CZ 	-55.532	-5.669	-6.015
		 NH1	-56.132	-4.633	-5.445
		 NH2	-54.815	-6.515	-5.289
	118	amino	PHE
		 N  	-53.22	-6.922	-10.629
		 CA 	-53.625	-8.3	-10.898
		 C  	-54.651	-8.451	-9.765
		 O  	-54.4	-7.987	-8.643
		 CB 	-52.533	-9.326	-10.595
		 CG 	-51.289	-9.206	-11.436
		 CD1	-51.162	-8.231	-12.412
		 CD2	-50.225	-10.076	-11.217
		 CE1	-49.985	-8.117	-13.16
		 CE2	-49.043	-9.979	-11.957
		 CZ 	-48.921	-8.996	-12.932
	119	amino	ASP
		 N  	-55.804	-9.06	-10.047
		 CA 	-56.824	-9.27	-9.024
		 C  	-56.213	-10.078	-7.873
		 O  	-55.449	-11.025	-8.09
		 CB 	-57.98	-10.039	-9.611
		 CG 	-59.184	-10.028	-8.721
		 OD1	-59.767	-8.928	-8.573
		 OD2	-59.561	-11.115	-8.199
	120	amino	ARG
		 N  	-56.556	-9.698	-6.65
		 CA 	-56.021	-10.339	-5.452
		 C  	-56.332	-11.812	-5.422
		 O  	-55.479	-12.615	-5.099
		 CB 	-56.624	-9.664	-4.213
		 CG 	-56.017	-10.066	-2.878
		 CD 	-56.92	-9.638	-1.729
		 NE 	-58.095	-10.504	-1.668
		 CZ 	-59.205	-10.249	-0.973
		 NH1	-59.329	-9.143	-0.252
		 NH2	-60.212	-11.102	-1.034
	121	amino	ASP
		 N  	-57.541	-12.168	-5.846
		 CA 	-57.979	-13.56	-5.792
		 C  	-57.696	-14.528	-6.941
		 O  	-58.324	-15.59	-7.038
		 CB 	-59.446	-13.616	-5.351
		 CG 	-59.65	-13.054	-3.934
		 OD1	-58.723	-13.163	-3.096
		 OD2	-60.728	-12.488	-3.663
	122	amino	ASN
		 N  	-56.741	-14.186	-7.8
		 CA 	-56.361	-15.088	-8.896
		 C  	-55.553	-16.17	-8.212
		 O  	-54.941	-15.912	-7.186
		 CB 	-55.402	-14.399	-9.901
		 CG 	-56.041	-13.239	-10.648
		 OD1	-57.246	-13.232	-10.923
		 ND2	-55.225	-12.247	-10.985
	123	amino	PHE
		 N  	-55.529	-17.369	-8.767
		 CA 	-54.703	-18.425	-8.189
		 C  	-54.061	-19.227	-9.311
		 O  	-54.535	-19.2	-10.432
		 CB 	-55.476	-19.3	-7.184
		 CG 	-56.732	-19.937	-7.727
		 CD1	-57.878	-19.169	-7.968
		 CD2	-56.79	-21.316	-7.94
		 CE1	-59.078	-19.779	-8.41
		 CE2	-57.973	-21.924	-8.379
		 CZ 	-59.124	-21.152	-8.614
	124	amino	ASP
		 N  	-52.981	-19.931	-9.023
		 CA 	-52.283	-20.675	-10.071
		 C  	-51.955	-22.136	-9.764
		 O  	-52.335	-22.656	-8.72
		 CB 	-50.984	-19.921	-10.462
		 CG 	-49.924	-19.903	-9.343
		 OD1	-50.286	-19.911	-8.151
		 OD2	-48.715	-19.874	-9.661
	125	amino	ILE
		 N  	-51.319	-22.796	-10.733
		 CA 	-50.865	-24.175	-10.608
		 C  	-49.387	-23.992	-10.908
		 O  	-48.952	-24.071	-12.056
		 CB 	-51.459	-25.106	-11.673
		 CG1	-52.982	-25.127	-11.587
		 CG2	-50.917	-26.5	-11.5
		 CD1	-53.615	-26.027	-12.614
	126	amino	HIS
		 N  	-48.629	-23.697	-9.861
		 CA 	-47.208	-23.418	-9.957
		 C  	-46.301	-24.301	-10.821
		 O  	-45.558	-23.788	-11.658
		 CB 	-46.596	-23.282	-8.552
		 CG 	-45.117	-23.074	-8.576
		 ND1	-44.219	-24.119	-8.514
		 CD2	-44.382	-21.961	-8.805
		 CE1	-42.997	-23.665	-8.721
		 NE2	-43.069	-22.359	-8.901
	127	amino	TRP
		 N  	-46.336	-25.609	-10.609
		 CA 	-45.45	-26.536	-11.314
		 C  	-45.574	-26.546	-12.832
		 O  	-44.703	-27.076	-13.537
		 CB 	-45.66	-27.948	-10.752
		 CG 	-45.635	-27.927	-9.267
		 CD1	-44.529	-27.878	-8.471
		 CD2	-46.762	-27.826	-8.39
		 NE1	-44.893	-27.731	-7.156
		 CE2	-46.261	-27.698	-7.075
		 CE3	-48.152	-27.83	-8.586
		 CZ2	-47.1	-27.577	-5.959
		 CZ3	-48.987	-27.711	-7.469
		 CH2	-48.456	-27.586	-6.176
	128	amino	ILE
		 N  	-46.606	-25.874	-13.321
		 CA 	-46.92	-25.832	-14.74
		 C  	-46.88	-24.4	-15.303
		 O  	-47.051	-24.186	-16.506
		 CB 	-48.29	-26.57	-14.924
		 CG1	-48.047	-27.963	-15.461
		 CG2	-49.322	-25.784	-15.69
		 CD1	-49.319	-28.725	-15.544
	129	amino	ASP
		 N  	-46.53	-23.447	-14.436
		 CA 	-46.419	-22.03	-14.778
		 C  	-47.668	-21.501	-15.457
		 O  	-47.599	-20.775	-16.464
		 CB 	-45.189	-21.749	-15.655
		 CG 	-44.755	-20.274	-15.597
		 OD1	-45.475	-19.46	-14.975
		 OD2	-43.705	-19.919	-16.162
	130	amino	SER
		 N  	-48.813	-21.821	-14.87
		 CA 	-50.079	-21.387	-15.427
		 C  	-51.056	-20.986	-14.338
		 O  	-51.235	-21.717	-13.366
		 CB 	-50.702	-22.533	-16.235
		 OG 	-52.048	-22.228	-16.569
	131	amino	ASP
		 N  	-51.676	-19.826	-14.499
		 CA 	-52.688	-19.414	-13.558
		 C  	-53.924	-20.248	-13.902
		 O  	-54.007	-20.843	-14.999
		 CB 	-53.028	-17.943	-13.743
		 CG 	-51.847	-17.035	-13.484
		 OD1	-51.078	-17.308	-12.537
		 OD2	-51.694	-16.04	-14.224
	132	amino	VAL
		 N  	-54.85	-20.347	-12.948
		 CA 	-56.113	-21.058	-13.158
		 C  	-57.035	-19.984	-13.759
		 O  	-57.72	-20.214	-14.757
		 CB 	-56.673	-21.62	-11.807
		 CG1	-58.061	-22.192	-11.992
		 CG2	-55.746	-22.712	-11.286
	133	amino	VAL
		 N  	-56.997	-18.795	-13.16
		 CA 	-57.758	-17.628	-13.614
		 C  	-56.787	-16.465	-13.451
		 O  	-56.0	-16.449	-12.494
		 CB 	-58.956	-17.304	-12.715
		 CG1	-59.936	-16.412	-13.463
		 CG2	-59.624	-18.562	-12.262
	134	amino	PHE
		 N  	-56.83	-15.499	-14.367
		 CA 	-55.942	-14.352	-14.294
		 C  	-56.646	-13.096	-14.738
		 O  	-56.623	-12.725	-15.923
		 CB 	-54.687	-14.586	-15.129
		 CG 	-53.746	-13.399	-15.165
		 CD1	-52.94	-13.098	-14.074
		 CD2	-53.677	-12.574	-16.29
		 CE1	-52.082	-11.998	-14.092
		 CE2	-52.809	-11.46	-16.312
		 CZ 	-52.016	-11.178	-15.208
	135	amino	LEU
		 N  	-57.307	-12.453	-13.785
		 CA 	-58.02	-11.229	-14.057
		 C  	-57.047	-10.086	-13.731
		 O  	-56.545	-10.001	-12.604
		 CB 	-59.261	-11.174	-13.165
		 CG 	-60.21	-9.976	-13.259
		 CD1	-60.722	-9.824	-14.686
		 CD2	-61.39	-10.163	-12.301
	136	amino	ALA
		 N  	-56.718	-9.262	-14.726
		 CA 	-55.808	-8.128	-14.54
		 C  	-56.189	-6.999	-15.508
		 O  	-56.871	-7.239	-16.504
		 CB 	-54.353	-8.558	-14.761
	137	amino	GLY
		 N  	-55.749	-5.777	-15.213
		 CA 	-56.071	-4.642	-16.046
		 C  	-56.115	-3.409	-15.178
		 O  	-55.463	-3.369	-14.141
	138	amino	THR
		 N  	-56.875	-2.405	-15.599
		 CA 	-57.006	-1.164	-14.861
		 C  	-58.479	-0.92	-14.58
		 O  	-59.307	-1.035	-15.472
		 CB 	-56.429	0.029	-15.681
		 OG1	-55.086	-0.27	-16.054
		 CG2	-56.415	1.314	-14.876
	139	amino	GLY
		 N  	-58.81	-0.585	-13.337
		 CA 	-60.199	-0.318	-12.987
		 C  	-60.354	0.007	-11.516
		 O  	-59.567	0.785	-10.976
	140	amino	GLY
		 N  	-61.357	-0.598	-10.878
		 CA 	-61.62	-0.373	-9.473
		 C  	-62.58	-1.422	-8.945
		 O  	-63.211	-2.15	-9.706
	141	amino	GLY
		 N  	-62.67	-1.535	-7.629
		 CA 	-63.58	-2.506	-7.057
		 C  	-63.541	-2.578	-5.549
		 O  	-62.955	-1.726	-4.866
	142	amino	ILE
		 N  	-64.156	-3.625	-5.026
		 CA 	-64.205	-3.815	-3.591
		 C  	-64.054	-5.296	-3.238
		 O  	-64.587	-6.163	-3.924
		 CB 	-65.511	-3.217	-3.011
		 CG1	-65.443	-3.223	-1.478
		 CG2	-66.732	-3.976	-3.558
		 CD1	-66.343	-2.208	-0.841
	143	amino	TYR
		 N  	-63.267	-5.581	-2.214
		 CA 	-63.05	-6.955	-1.792
		 C  	-63.698	-7.23	-0.433
		 O  	-63.806	-6.331	0.408
		 CB 	-61.56	-7.245	-1.674
		 CG 	-60.789	-7.271	-2.979
		 CD1	-61.07	-8.223	-3.957
		 CD2	-59.748	-6.38	-3.209
		 CE1	-60.335	-8.298	-5.121
		 CE2	-59.004	-6.444	-4.377
		 CZ 	-59.298	-7.415	-5.332
		 OH 	-58.505	-7.535	-6.457
	144	amino	ASP
		 N  	-64.143	-8.475	-0.25
		 CA 	-64.758	-8.948	0.982
		 C  	-66.018	-8.224	1.497
		 O  	-65.984	-7.59	2.552
		 CB 	-63.71	-8.968	2.079
		 CG 	-62.44	-9.665	1.659
		 OD1	-62.526	-10.792	1.13
		 OD2	-61.351	-9.086	1.873
	145	amino	VAL
		 N  	-67.107	-8.271	0.732
		 CA 	-68.369	-7.684	1.166
		 C  	-69.073	-8.889	1.786
		 O  	-69.402	-9.843	1.077
		 CB 	-69.198	-7.143	-0.019
		 CG1	-70.606	-6.845	0.432
		 CG2	-68.573	-5.875	-0.57
	146	amino	LYS
		 N  	-69.199	-8.897	3.114
		 CA 	-69.821	-10.02	3.821
		 C  	-71.33	-9.919	3.922
		 O  	-71.871	-8.882	4.291
		 CB 	-69.246	-10.191	5.235
		 CG 	-67.938	-10.973	5.339
		 CD 	-66.718	-10.145	4.915
		 CE 	-66.563	-8.845	5.732
		 NZ 	-65.403	-7.983	5.29
	147	amino	TRP
		 N  	-72.011	-10.991	3.54
		 CA 	-73.468	-11.045	3.635
		 C  	-73.678	-12.148	4.66
		 O  	-72.853	-13.066	4.73
		 CB 	-74.104	-11.515	2.322
		 CG 	-73.651	-10.832	1.08
		 CD1	-72.875	-11.363	0.086
		 CD2	-74.037	-9.532	0.633
		 NE1	-72.772	-10.482	-0.957
		 CE2	-73.476	-9.348	-0.649
		 CE3	-74.808	-8.505	1.191
		 CZ2	-73.662	-8.174	-1.387
		 CZ3	-74.994	-7.333	0.458
		 CH2	-74.421	-7.179	-0.82
	148	amino	ASN
		 N  	-74.762	-12.07	5.436
		 CA 	-75.108	-13.089	6.451
		 C  	-73.951	-13.783	7.209
		 O  	-74.173	-14.805	7.871
		 CB 	-76.04	-14.166	5.842
		 CG 	-75.35	-15.039	4.759
		 OD1	-75.767	-15.043	3.589
		 ND2	-74.319	-15.799	5.156
	149	amino	ASP
		 N  	-72.736	-13.229	7.104
		 CA 	-71.517	-13.756	7.751
		 C  	-71.108	-15.18	7.339
		 O  	-70.681	-15.985	8.174
		 CB 	-71.616	-13.65	9.287
		 CG 	-71.847	-12.216	9.767
		 OD1	-71.058	-11.316	9.375
		 OD2	-72.827	-11.996	10.521
	150	amino	GLY
		 N  	-71.214	-15.466	6.044
		 CA 	-70.853	-16.778	5.534
		 C  	-70.801	-16.789	4.016
		 O  	-70.588	-17.837	3.397
	151	amino	LEU
		 N  	-70.995	-15.611	3.424
		 CA 	-70.985	-15.438	1.977
		 C  	-70.297	-14.114	1.657
		 O  	-70.876	-13.047	1.859
		 CB 	-72.43	-15.432	1.433
		 CG 	-72.761	-15.655	-0.058
		 CD1	-72.357	-14.489	-0.92
		 CD2	-72.113	-16.927	-0.563
	152	amino	ARG
		 N  	-69.038	-14.184	1.228
		 CA 	-68.309	-12.975	0.87
		 C  	-68.32	-12.819	-0.636
		 O  	-68.472	-13.798	-1.378
		 CB 	-66.877	-12.964	1.418
		 CG 	-66.283	-14.328	1.677
		 CD 	-64.859	-14.206	2.192
		 NE 	-63.938	-13.82	1.13
		 CZ 	-63.086	-14.662	0.55
		 NH1	-63.051	-15.933	0.948
		 NH2	-62.285	-14.247	-0.434
	153	amino	SER
		 N  	-68.188	-11.568	-1.074
		 CA 	-68.208	-11.238	-2.483
		 C  	-67.208	-10.155	-2.848
		 O  	-66.836	-9.331	-2.012
		 CB 	-69.594	-10.732	-2.865
		 OG 	-70.582	-11.657	-2.479
	154	amino	ASN
		 N  	-66.78	-10.178	-4.109
		 CA 	-65.883	-9.18	-4.671
		 C  	-66.637	-8.673	-5.887
		 O  	-67.275	-9.449	-6.602
		 CB 	-64.576	-9.814	-5.149
		 CG 	-63.794	-10.466	-4.032
		 OD1	-63.964	-10.134	-2.866
		 ND2	-62.918	-11.386	-4.388
	155	amino	PHE
		 N  	-66.606	-7.369	-6.103
		 CA 	-67.262	-6.77	-7.257
		 C  	-66.248	-5.814	-7.883
		 O  	-65.595	-5.053	-7.152
		 CB 	-68.509	-6.008	-6.815
		 CG 	-69.539	-6.876	-6.143
		 CD1	-70.324	-7.752	-6.885
		 CD2	-69.712	-6.825	-4.763
		 CE1	-71.275	-8.572	-6.26
		 CE2	-70.652	-7.638	-4.129
		 CZ 	-71.438	-8.515	-4.881
	156	amino	SER
		 N  	-66.107	-5.839	-9.214
		 CA 	-65.136	-4.959	-9.872
		 C  	-65.35	-4.637	-11.339
		 O  	-66.07	-5.33	-12.052
		 CB 	-63.729	-5.555	-9.747
		 OG 	-63.661	-6.842	-10.338
	157	amino	LEU
		 N  	-64.699	-3.568	-11.778
		 CA 	-64.706	-3.153	-13.175
		 C  	-63.239	-3.085	-13.573
		 O  	-62.454	-2.355	-12.965
		 CB 	-65.329	-1.769	-13.365
		 CG 	-65.076	-1.137	-14.744
		 CD1	-65.907	-1.83	-15.803
		 CD2	-65.447	0.33	-14.707
	158	amino	TYR
		 N  	-62.857	-3.912	-14.53
		 CA 	-61.489	-3.919	-15.028
		 C  	-61.496	-3.554	-16.51
		 O  	-62.294	-4.094	-17.277
		 CB 	-60.872	-5.302	-14.893
		 CG 	-60.231	-5.595	-13.562
		 CD1	-58.884	-5.298	-13.339
		 CD2	-60.928	-6.303	-12.573
		 CE1	-58.239	-5.714	-12.183
		 CE2	-60.297	-6.726	-11.406
		 CZ 	-58.946	-6.438	-11.222
		 OH 	-58.28	-6.964	-10.139
	159	amino	GLY
		 N  	-60.612	-2.639	-16.898
		 CA 	-60.497	-2.236	-18.286
		 C  	-59.207	-2.738	-18.93
		 O  	-58.15	-2.803	-18.274
	160	amino	ARG
		 N  	-59.31	-3.157	-20.198
		 CA 	-58.166	-3.634	-20.983
		 C  	-58.179	-3.004	-22.385
		 O  	-59.076	-2.212	-22.72
		 CB 	-58.163	-5.15	-21.095
		 CG 	-58.119	-5.86	-19.781
		 CD 	-57.759	-7.336	-19.951
		 NE 	-56.333	-7.608	-19.721
		 CZ 	-55.469	-7.88	-20.685
		 NH1	-55.875	-7.91	-21.954
		 NH2	-54.208	-8.127	-20.395
	161	amino	ASN
		 N  	-57.157	-3.316	-23.183
		 CA 	-57.042	-2.773	-24.544
		 C  	-56.731	-3.872	-25.563
		 O  	-56.023	-4.838	-25.245
		 CB 	-55.912	-1.735	-24.612
		 CG 	-56.313	-0.376	-24.058
		 OD1	-55.932	-0.003	-22.95
		 ND2	-57.046	0.39	-24.853
	162	amino	PHE
		 N  	-57.313	-3.744	-26.76
		 CA 	-57.057	-4.668	-27.871
		 C  	-56.395	-3.843	-28.959
		 O  	-56.733	-2.671	-29.154
		 CB 	-58.335	-5.252	-28.451
		 CG 	-58.997	-6.276	-27.585
		 CD1	-58.244	-7.214	-26.899
		 CD2	-60.399	-6.316	-27.48
		 CE1	-58.872	-8.189	-26.113
		 CE2	-61.039	-7.275	-26.706
		 CZ 	-60.279	-8.216	-26.02
	163	amino	GLY
		 N  	-55.429	-4.45	-29.641
		 CA 	-54.728	-3.775	-30.723
		 C  	-53.571	-2.877	-30.332
		 O  	-53.036	-2.97	-29.236
	164	amino	ASP
		 N  	-53.18	-2.005	-31.252
		 CA 	-52.074	-1.083	-31.037
		 C  	-52.633	0.186	-30.416
		 O  	-53.411	0.908	-31.047
		 CB 	-51.382	-0.79	-32.382
		 CG 	-50.169	0.147	-32.256
		 OD1	-49.641	0.364	-31.131
		 OD2	-49.737	0.669	-33.311
	165	amino	ILE
		 N  	-52.233	0.44	-29.171
		 CA 	-52.686	1.606	-28.408
		 C  	-52.396	2.952	-29.115
		 O  	-53.126	3.936	-28.933
		 CB 	-52.082	1.572	-26.966
		 CG1	-52.814	2.548	-26.045
		 CG2	-50.582	1.861	-27.0
		 CD1	-54.207	2.111	-25.685
	166	amino	ASP
		 N  	-51.364	2.971	-29.959
		 CA 	-50.973	4.173	-30.704
		 C  	-51.855	4.443	-31.921
		 O  	-52.08	5.598	-32.299
		 CB 	-49.526	4.05	-31.163
		 CG 	-48.555	4.022	-30.008
		 OD1	-48.509	5.042	-29.277
		 OD2	-47.857	2.987	-29.83
	167	amino	ASP
		 N  	-52.322	3.361	-32.543
		 CA 	-53.171	3.42	-33.729
		 C  	-54.631	3.554	-33.302
		 O  	-55.273	2.565	-32.935
		 CB 	-52.961	2.14	-34.562
		 CG 	-53.555	2.224	-35.969
		 OD1	-54.275	3.197	-36.297
		 OD2	-53.289	1.29	-36.755
	168	amino	SER
		 N  	-55.145	4.779	-33.367
		 CA 	-56.535	5.068	-32.995
		 C  	-57.612	4.246	-33.752
		 O  	-58.717	4.046	-33.236
		 CB 	-56.817	6.575	-33.142
		 OG 	-56.483	7.056	-34.444
	169	amino	SER
		 N  	-57.284	3.765	-34.957
		 CA 	-58.224	2.973	-35.77
		 C  	-58.124	1.465	-35.505
		 O  	-58.991	0.688	-35.94
		 CB 	-58.019	3.248	-37.271
		 OG 	-56.791	2.705	-37.745
	170	amino	ASN
		 N  	-57.043	1.051	-34.843
		 CA 	-56.841	-0.359	-34.506
		 C  	-56.739	-0.529	-32.983
		 O  	-56.1	-1.457	-32.492
		 CB 	-55.58	-0.896	-35.195
		 CG 	-55.368	-2.393	-34.965
		 OD1	-56.318	-3.137	-34.704
		 ND2	-54.112	-2.829	-35.031
	171	amino	SER
		 N  	-57.425	0.336	-32.239
		 CA 	-57.386	0.278	-30.781
		 C  	-58.773	0.311	-30.129
		 O  	-59.557	1.253	-30.308
		 CB 	-56.518	1.415	-30.238
		 OG 	-56.31	1.253	-28.846
	172	amino	VAL
		 N  	-59.037	-0.689	-29.306
		 CA 	-60.32	-0.79	-28.63
		 C  	-60.16	-1.095	-27.126
		 O  	-59.203	-1.766	-26.696
		 CB 	-61.202	-1.865	-29.358
		 CG1	-62.007	-2.723	-28.385
		 CG2	-62.115	-1.18	-30.379
	173	amino	GLN
		 N  	-61.071	-0.541	-26.326
		 CA 	-61.059	-0.781	-24.888
		 C  	-62.05	-1.872	-24.62
		 O  	-63.118	-1.902	-25.23
		 CB 	-61.436	0.478	-24.102
		 CG 	-60.291	1.484	-23.977
		 CD 	-60.746	2.798	-23.386
		 OE1	-61.942	2.997	-23.121
		 NE2	-59.808	3.71	-23.183
	174	amino	ASN
		 N  	-61.671	-2.805	-23.76
		 CA 	-62.533	-3.923	-23.398
		 C  	-62.792	-3.804	-21.904
		 O  	-61.853	-3.727	-21.102
		 CB 	-61.82	-5.248	-23.686
		 CG 	-62.652	-6.473	-23.322
		 OD1	-62.098	-7.559	-23.092
		 ND2	-63.981	-6.329	-23.312
	175	amino	TYR
		 N  	-64.063	-3.705	-21.54
		 CA 	-64.432	-3.625	-20.14
		 C  	-64.995	-4.932	-19.608
		 O  	-65.668	-5.691	-20.319
		 CB 	-65.376	-2.479	-19.91
		 CG 	-64.652	-1.174	-20.054
		 CD1	-63.79	-0.726	-19.057
		 CD2	-64.808	-0.388	-21.199
		 CE1	-63.094	0.487	-19.198
		 CE2	-64.119	0.824	-21.349
		 CZ 	-63.267	1.251	-20.341
		 OH 	-62.613	2.452	-20.468
	176	amino	ILE
		 N  	-64.654	-5.214	-18.357
		 CA 	-65.078	-6.437	-17.702
		 C  	-65.725	-6.142	-16.353
		 O  	-65.181	-5.379	-15.532
		 CB 	-63.879	-7.333	-17.455
		 CG1	-63.079	-7.503	-18.753
		 CG2	-64.335	-8.652	-16.839
		 CD1	-61.593	-7.532	-18.557
	177	amino	LEU
		 N  	-66.907	-6.717	-16.152
		 CA 	-67.654	-6.575	-14.912
		 C  	-67.697	-7.95	-14.336
		 O  	-68.187	-8.892	-14.975
		 CB 	-69.078	-6.133	-15.173
		 CG 	-69.388	-4.653	-15.014
		 CD1	-70.894	-4.462	-15.224
		 CD2	-68.995	-4.183	-13.622
	178	amino	THR
		 N  	-67.177	-8.08	-13.126
		 CA 	-67.175	-9.377	-12.474
		 C  	-67.653	-9.366	-11.017
		 O  	-67.6	-8.345	-10.328
		 CB 	-65.792	-10.071	-12.627
		 OG1	-65.49	-10.863	-11.466
		 CG2	-64.684	-9.041	-12.889
	179	amino	MET
		 N  	-68.269	-10.475	-10.629
		 CA 	-68.74	-10.671	-9.273
		 C  	-68.121	-11.996	-8.898
		 O  	-68.215	-12.981	-9.638
		 CB 	-70.268	-10.702	-9.189
		 CG 	-70.963	-11.829	-9.925
		 SD 	-72.748	-11.657	-9.67
		 CE 	-73.361	-11.858	-11.297
	180	amino	ASN
		 N  	-67.399	-11.993	-7.793
		 CA 	-66.709	-13.185	-7.344
		 C  	-67.279	-13.514	-5.963
		 O  	-67.068	-12.752	-5.006
		 CB 	-65.227	-12.837	-7.258
		 CG 	-64.324	-14.017	-7.504
		 OD1	-63.119	-13.84	-7.71
		 ND2	-64.876	-15.218	-7.486
	181	amino	HIS
		 N  	-67.999	-14.635	-5.863
		 CA 	-68.623	-15.07	-4.607
		 C  	-67.954	-16.259	-3.975
		 O  	-67.581	-17.207	-4.666
		 CB 	-70.082	-15.43	-4.838
		 CG 	-70.891	-14.305	-5.392
		 ND1	-71.396	-14.314	-6.673
		 CD2	-71.244	-13.116	-4.854
		 CE1	-72.025	-13.175	-6.903
		 NE2	-71.946	-12.429	-5.814
	182	amino	PHE
		 N  	-67.848	-16.227	-2.649
		 CA 	-67.233	-17.321	-1.9
		 C  	-68.149	-17.784	-0.759
		 O  	-68.686	-16.957	-0.002
		 CB 	-65.89	-16.894	-1.312
		 CG 	-64.866	-16.492	-2.331
		 CD1	-64.808	-15.176	-2.799
		 CD2	-63.928	-17.419	-2.791
		 CE1	-63.828	-14.782	-3.711
		 CE2	-62.941	-17.039	-3.706
		 CZ 	-62.889	-15.715	-4.167
	183	amino	ALA
		 N  	-68.321	-19.104	-0.653
		 CA 	-69.16	-19.723	0.382
		 C  	-68.456	-20.986	0.869
		 O  	-68.668	-22.081	0.337
		 CB 	-70.551	-20.068	-0.178
	184	amino	GLY
		 N  	-67.609	-20.828	1.879
		 CA 	-66.873	-21.96	2.408
		 C  	-65.765	-22.264	1.427
		 O  	-65.059	-21.354	1.012
	185	amino	PRO
		 N  	-65.613	-23.52	1.002
		 CA 	-64.583	-23.957	0.049
		 C  	-65.059	-23.734	-1.405
		 O  	-64.323	-23.936	-2.369
		 CB 	-64.47	-25.447	0.36
		 CG 	-65.955	-25.822	0.587
		 CD 	-66.459	-24.649	1.446
	186	amino	LEU
		 N  	-66.296	-23.29	-1.547
		 CA 	-66.875	-23.081	-2.854
		 C  	-66.726	-21.659	-3.388
		 O  	-66.896	-20.673	-2.65
		 CB 	-68.357	-23.446	-2.812
		 CG 	-68.919	-23.741	-4.193
		 CD1	-68.41	-25.115	-4.597
		 CD2	-70.441	-23.698	-4.189
	187	amino	GLN
		 N  	-66.475	-21.561	-4.693
		 CA 	-66.323	-20.272	-5.354
		 C  	-67.079	-20.241	-6.667
		 O  	-67.078	-21.21	-7.435
		 CB 	-64.853	-19.952	-5.63
		 CG 	-64.662	-18.652	-6.42
		 CD 	-63.226	-18.424	-6.873
		 OE1	-62.359	-19.286	-6.701
		 NE2	-62.971	-17.255	-7.453
	188	amino	MET
		 N  	-67.699	-19.105	-6.93
		 CA 	-68.446	-18.938	-8.143
		 C  	-68.202	-17.536	-8.661
		 O  	-68.661	-16.539	-8.073
		 CB 	-69.923	-19.156	-7.893
		 CG 	-70.707	-19.186	-9.169
		 SD 	-72.458	-19.234	-8.841
		 CE 	-72.949	-17.523	-9.283
	189	amino	MET
		 N  	-67.477	-17.48	-9.778
		 CA 	-67.126	-16.222	-10.422
		 C  	-67.89	-16.069	-11.75
		 O  	-67.982	-17.022	-12.533
		 CB 	-65.609	-16.209	-10.64
		 CG 	-65.037	-14.918	-11.169
		 SD 	-63.245	-15.047	-11.389
		 CE 	-62.808	-13.294	-11.184
	190	amino	VAL
		 N  	-68.488	-14.898	-11.967
		 CA 	-69.243	-14.618	-13.184
		 C  	-68.868	-13.242	-13.751
		 O  	-69.106	-12.204	-13.122
		 CB 	-70.772	-14.638	-12.937
		 CG1	-71.519	-14.434	-14.255
		 CG2	-71.199	-15.941	-12.305
	191	amino	SER
		 N  	-68.317	-13.224	-14.961
		 CA 	-67.921	-11.959	-15.575
		 C  	-68.598	-11.713	-16.92
		 O  	-68.893	-12.643	-17.658
		 CB 	-66.402	-11.924	-15.775
		 OG 	-65.699	-12.353	-14.615
	192	amino	GLY
		 N  	-68.846	-10.449	-17.223
		 CA 	-69.442	-10.09	-18.491
		 C  	-68.469	-9.133	-19.153
		 O  	-68.028	-8.171	-18.519
	193	amino	LEU
		 N  	-68.072	-9.409	-20.398
		 CA 	-67.138	-8.52	-21.075
		 C  	-67.675	-7.868	-22.326
		 O  	-68.526	-8.424	-23.013
		 CB 	-65.798	-9.203	-21.354
		 CG 	-65.505	-10.699	-21.256
		 CD1	-64.004	-10.839	-21.412
		 CD2	-65.922	-11.332	-19.948
	194	amino	ARG
		 N  	-67.154	-6.685	-22.626
		 CA 	-67.585	-5.94	-23.793
		 C  	-66.532	-4.974	-24.334
		 O  	-66.046	-4.093	-23.622
		 CB 	-68.883	-5.178	-23.473
		 CG 	-69.365	-4.216	-24.559
		 CD 	-70.666	-3.579	-24.113
		 NE 	-71.208	-2.567	-25.022
		 CZ 	-70.789	-1.3	-25.107
		 NH1	-69.791	-0.851	-24.35
		 NH2	-71.411	-0.45	-25.916
	195	amino	ALA
		 N  	-66.182	-5.166	-25.602
		 CA 	-65.23	-4.307	-26.288
		 C  	-65.978	-3.866	-27.545
		 O  	-66.071	-4.606	-28.528
		 CB 	-63.976	-5.077	-26.652
	196	amino	LYS
		 N  	-66.582	-2.689	-27.456
		 CA 	-67.355	-2.111	-28.535
		 C  	-66.551	-2.005	-29.818
		 O  	-65.389	-1.598	-29.791
		 CB 	-67.839	-0.717	-28.118
		 CG 	-68.819	-0.057	-29.075
		 CD 	-69.211	1.32	-28.563
		 CE 	-70.419	1.864	-29.31
		 NZ 	-70.184	1.888	-30.773
	197	amino	ASP
		 N  	-67.186	-2.376	-30.93
		 CA 	-66.602	-2.308	-32.269
		 C  	-65.237	-2.942	-32.392
		 O  	-64.327	-2.406	-33.056
		 CB 	-66.558	-0.86	-32.773
		 CG 	-67.952	-0.244	-32.928
		 OD1	-68.939	-0.984	-33.181
		 OD2	-68.053	0.996	-32.789
	198	amino	ASN
		 N  	-65.081	-4.08	-31.728
		 CA 	-63.823	-4.789	-31.807
		 C  	-63.696	-5.25	-33.261
		 O  	-62.645	-5.087	-33.899
		 CB 	-63.837	-6.005	-30.884
		 CG 	-62.522	-6.753	-30.896
		 OD1	-61.432	-6.146	-30.97
		 ND2	-62.604	-8.074	-30.845
	199	amino	ASP
		 N  	-64.813	-5.734	-33.798
		 CA 	-64.874	-6.251	-35.162
		 C  	-64.605	-5.235	-36.269
		 O  	-64.435	-5.61	-37.436
		 CB 	-66.209	-6.982	-35.404
		 CG 	-67.433	-6.073	-35.278
		 OD1	-67.305	-4.824	-35.207
		 OD2	-68.549	-6.634	-35.252
	200	amino	GLU
		 N  	-64.53	-3.961	-35.901
		 CA 	-64.292	-2.916	-36.877
		 C  	-62.928	-2.261	-36.796
		 O  	-62.747	-1.13	-37.265
		 CB 	-65.409	-1.881	-36.815
		 CG 	-66.683	-2.412	-37.44
		 CD 	-67.911	-1.614	-37.072
		 OE1	-67.781	-0.384	-36.831
		 OE2	-69.009	-2.23	-37.018
	201	amino	ARG
		 N  	-61.962	-2.976	-36.22
		 CA 	-60.597	-2.46	-36.103
		 C  	-59.884	-2.657	-37.419
		 O  	-59.758	-3.776	-37.898
		 CB 	-59.811	-3.184	-35.006
		 CG 	-60.128	-2.713	-33.599
		 CD 	-59.105	-3.228	-32.598
		 NE 	-59.307	-4.634	-32.273
		 CZ 	-58.351	-5.55	-32.372
		 NH1	-57.14	-5.196	-32.788
		 NH2	-58.601	-6.812	-32.065
	202	amino	LYS
		 N  	-59.432	-1.567	-38.013
		 CA 	-58.735	-1.652	-39.286
		 C  	-57.242	-1.555	-39.065
		 O  	-56.778	-0.653	-38.362
		 CB 	-59.177	-0.519	-40.209
		 CG 	-60.655	-0.542	-40.528
		 CD 	-61.046	0.638	-41.389
		 CE 	-62.526	0.595	-41.723
		 NZ 	-62.86	1.684	-42.678
	203	amino	ASP
		 N  	-56.485	-2.472	-39.665
		 CA 	-55.027	-2.445	-39.528
		 C  	-54.429	-1.2	-40.207
		 O  	-55.161	-0.383	-40.786
		 CB 	-54.386	-3.737	-40.071
		 CG 	-54.788	-4.053	-41.516
		 OD1	-54.821	-3.136	-42.372
		 OD2	-55.057	-5.245	-41.797
	204	amino	SER
		 N  	-53.106	-1.068	-40.142
		 CA 	-52.402	0.079	-40.733
		 C  	-52.687	0.334	-42.229
		 O  	-52.601	1.477	-42.696
		 CB 	-50.891	-0.045	-40.489
		 OG 	-50.395	-1.297	-40.941
	205	amino	ASN
		 N  	-53.029	-0.727	-42.965
		 CA 	-53.346	-0.631	-44.398
		 C  	-54.689	0.073	-44.614
		 O  	-54.777	1.09	-45.314
		 CB 	-53.428	-2.031	-45.032
		 CG 	-52.069	-2.705	-45.167
		 OD1	-51.749	-3.276	-46.217
		 ND2	-51.27	-2.66	-44.1
	206	amino	GLY
		 N  	-55.73	-0.497	-44.016
		 CA 	-57.066	0.05	-44.137
		 C  	-58.066	-1.086	-44.115
		 O  	-59.274	-0.855	-44.146
	207	amino	ASN
		 N  	-57.556	-2.316	-44.072
		 CA 	-58.402	-3.512	-44.043
		 C  	-58.82	-3.845	-42.626
		 O  	-58.189	-3.409	-41.655
		 CB 	-57.655	-4.735	-44.582
		 CG 	-56.941	-4.459	-45.873
		 OD1	-57.563	-4.385	-46.933
		 ND2	-55.622	-4.302	-45.796
	208	amino	LEU
		 N  	-59.871	-4.647	-42.51
		 CA 	-60.336	-5.069	-41.206
		 C  	-59.278	-6.025	-40.668
		 O  	-58.802	-6.899	-41.4
		 CB 	-61.673	-5.808	-41.318
		 CG 	-62.915	-4.994	-41.681
		 CD1	-64.093	-5.943	-41.865
		 CD2	-63.217	-3.959	-40.606
	209	amino	ALA
		 N  	-58.873	-5.827	-39.414
		 CA 	-57.894	-6.701	-38.78
		 C  	-58.489	-8.114	-38.617
		 O  	-57.781	-9.114	-38.744
		 CB 	-57.491	-6.131	-37.434
	210	amino	LYS
		 N  	-59.8	-8.191	-38.381
		 CA 	-60.479	-9.479	-38.213
		 C  	-61.848	-9.53	-38.889
		 O  	-62.09	-10.393	-39.742
		 CB 	-60.62	-9.839	-36.727
		 CG 	-59.807	-11.076	-36.283
		 CD 	-60.55	-12.376	-36.575
		 CE 	-59.785	-13.597	-36.108
		 NZ 	-60.649	-14.8	-36.162
	211	amino	GLY
		 N  	-62.747	-8.625	-38.522
		 CA 	-64.06	-8.646	-39.144
		 C  	-65.064	-9.55	-38.445
		 O  	-66.195	-9.129	-38.194
	212	amino	ASP
		 N  	-64.692	-10.796	-38.161
		 CA 	-65.62	-11.69	-37.461
		 C  	-65.291	-11.782	-35.958
		 O  	-65.737	-12.694	-35.259
		 CB 	-65.676	-13.085	-38.12
		 CG 	-64.406	-13.935	-37.886
		 OD1	-63.317	-13.364	-37.635
		 OD2	-64.516	-15.192	-37.975
	213	amino	ALA
		 N  	-64.494	-10.833	-35.474
		 CA 	-64.11	-10.783	-34.07
		 C  	-65.316	-10.422	-33.213
		 O  	-66.14	-9.589	-33.628
		 CB 	-63.024	-9.74	-33.876
	214	amino	ALA
		 N  	-65.382	-11.005	-32.008
		 CA 	-66.471	-10.751	-31.048
		 C  	-66.364	-9.386	-30.37
		 O  	-65.259	-8.811	-30.246
		 CB 	-66.52	-11.842	-29.998
	215	amino	ASN
		 N  	-67.525	-8.864	-29.962
		 CA 	-67.623	-7.571	-29.292
		 C  	-68.074	-7.705	-27.838
		 O  	-68.023	-6.727	-27.086
		 CB 	-68.599	-6.653	-30.034
		 CG 	-68.069	-6.191	-31.388
		 OD1	-66.853	-6.024	-31.585
		 ND2	-68.989	-5.961	-32.332
	216	amino	THR
		 N  	-68.546	-8.899	-27.462
		 CA 	-69.008	-9.177	-26.103
		 C  	-68.569	-10.583	-25.696
		 O  	-67.967	-11.308	-26.496
		 CB 	-70.559	-9.102	-25.964
		 OG1	-71.171	-10.17	-26.702
		 CG2	-71.093	-7.767	-26.453
	217	amino	GLY
		 N  	-68.835	-10.942	-24.437
		 CA 	-68.471	-12.259	-23.948
		 C  	-68.95	-12.506	-22.528
		 O  	-69.343	-11.582	-21.818
	218	amino	VAL
		 N  	-68.949	-13.774	-22.13
		 CA 	-69.361	-14.171	-20.801
		 C  	-68.344	-15.191	-20.307
		 O  	-67.821	-15.978	-21.101
		 CB 	-70.767	-14.76	-20.821
		 CG1	-71.041	-15.537	-19.543
		 CG2	-71.773	-13.632	-20.956
	219	amino	HIS
		 N  	-68.057	-15.162	-19.003
		 CA 	-67.068	-16.053	-18.401
		 C  	-67.56	-16.485	-17.033
		 O  	-68.136	-15.668	-16.295
		 CB 	-65.752	-15.29	-18.236
		 CG 	-64.606	-16.132	-17.764
		 ND1	-64.467	-16.541	-16.454
		 CD2	-63.521	-16.608	-18.422
		 CE1	-63.347	-17.233	-16.328
		 NE2	-62.755	-17.289	-17.507
	220	amino	ALA
		 N  	-67.296	-17.744	-16.68
		 CA 	-67.708	-18.283	-15.388
		 C  	-66.664	-19.243	-14.829
		 O  	-65.905	-19.852	-15.573
		 CB 	-69.068	-18.989	-15.502
	221	amino	LEU
		 N  	-66.64	-19.376	-13.509
		 CA 	-65.687	-20.249	-12.832
		 C  	-66.382	-20.851	-11.615
		 O  	-67.068	-20.154	-10.849
		 CB 	-64.445	-19.432	-12.397
		 CG 	-63.259	-19.847	-11.485
		 CD1	-63.675	-20.093	-10.03
		 CD2	-62.573	-21.064	-12.033
	222	amino	LEU
		 N  	-66.2	-22.15	-11.457
		 CA 	-66.761	-22.875	-10.352
		 C  	-65.563	-23.551	-9.711
		 O  	-64.949	-24.441	-10.312
		 CB 	-67.721	-23.92	-10.876
		 CG 	-69.14	-23.883	-10.306
		 CD1	-69.884	-25.114	-10.859
		 CD2	-69.146	-23.916	-8.75
	223	amino	GLY
		 N  	-65.235	-23.138	-8.488
		 CA 	-64.075	-23.701	-7.819
		 C  	-64.289	-24.303	-6.451
		 O  	-65.165	-23.88	-5.685
	224	amino	LEU
		 N  	-63.434	-25.274	-6.137
		 CA 	-63.477	-25.994	-4.869
		 C  	-62.127	-25.905	-4.203
		 O  	-61.175	-26.528	-4.666
		 CB 	-63.77	-27.472	-5.107
		 CG 	-64.951	-28.046	-4.325
		 CD1	-64.911	-29.575	-4.412
		 CD2	-64.888	-27.612	-2.862
	225	amino	HIS
		 N  	-62.054	-25.159	-3.103
		 CA 	-60.805	-24.976	-2.344
		 C  	-60.785	-25.825	-1.072
		 O  	-61.363	-25.436	-0.051
		 CB 	-60.629	-23.496	-1.987
		 CG 	-60.531	-22.599	-3.184
		 ND1	-61.639	-22.166	-3.885
		 CD2	-59.458	-22.067	-3.816
		 CE1	-61.251	-21.409	-4.896
		 NE2	-59.932	-21.333	-4.877
	226	amino	ASN
		 N  	-60.135	-26.984	-1.143
		 CA 	-60.069	-27.901	-0.008
		 C  	-58.845	-27.753	0.842
		 O  	-57.75	-27.486	0.354
		 CB 	-60.146	-29.36	-0.456
		 CG 	-61.443	-29.684	-1.143
		 OD1	-62.48	-29.109	-0.821
		 ND2	-61.392	-30.588	-2.117
	227	amino	ASP
		 N  	-59.036	-28.027	2.125
		 CA 	-57.963	-27.949	3.09
		 C  	-57.347	-29.31	3.303
		 O  	-56.627	-29.532	4.268
		 CB 	-58.462	-27.369	4.404
		 CG 	-57.595	-26.226	4.88
		 OD1	-57.133	-25.443	4.02
		 OD2	-57.355	-26.116	6.104
	228	amino	SER
		 N  	-57.656	-30.228	2.4
		 CA 	-57.097	-31.564	2.467
		 C  	-56.751	-31.953	1.048
		 O  	-57.094	-31.244	0.094
		 CB 	-58.105	-32.559	3.042
		 OG 	-59.231	-32.68	2.194
	229	amino	PHE
		 N  	-56.048	-33.068	0.921
		 CA 	-55.678	-33.574	-0.38
		 C  	-56.895	-34.283	-0.969
		 O  	-57.059	-35.485	-0.779
		 CB 	-54.508	-34.548	-0.252
		 CG 	-54.035	-35.091	-1.561
		 CD1	-53.398	-34.268	-2.485
		 CD2	-54.233	-36.43	-1.882
		 CE1	-52.96	-34.769	-3.72
		 CE2	-53.801	-36.942	-3.111
		 CZ 	-53.161	-36.106	-4.033
	230	amino	TYR
		 N  	-57.774	-33.525	-1.627
		 CA 	-58.969	-34.093	-2.258
		 C  	-59.866	-34.875	-1.288
		 O  	-60.515	-35.868	-1.678
		 CB 	-58.569	-35.001	-3.435
		 CG 	-57.906	-34.283	-4.595
		 CD1	-58.647	-33.446	-5.433
		 CD2	-56.552	-34.456	-4.874
		 CE1	-58.059	-32.801	-6.523
		 CE2	-55.955	-33.814	-5.961
		 CZ 	-56.72	-32.99	-6.78
		 OH 	-56.161	-32.361	-7.863
	231	amino	GLY
		 N  	-59.877	-34.44	-0.027
		 CA 	-60.684	-35.086	0.997
		 C  	-60.347	-36.508	1.424
		 O  	-61.201	-37.168	2.009
	232	amino	LEU
		 N  	-59.139	-37.001	1.165
		 CA 	-58.814	-38.367	1.576
		 C  	-57.418	-38.549	2.121
		 O  	-56.963	-39.668	2.335
		 CB 	-59.092	-39.379	0.444
		 CG 	-59.147	-38.972	-1.033
		 CD1	-57.8	-38.471	-1.5
		 CD2	-59.571	-40.163	-1.86
	233	amino	ARG
		 N  	-56.767	-37.444	2.432
		 CA 	-55.407	-37.481	2.949
		 C  	-55.047	-36.043	3.337
		 O  	-55.72	-35.099	2.931
		 CB 	-54.464	-38.031	1.854
		 CG 	-53.0	-38.167	2.231
		 CD 	-52.249	-38.973	1.206
		 NE 	-52.037	-40.344	1.666
		 CZ 	-52.903	-41.353	1.5
		 NH1	-54.063	-41.162	0.875
		 NH2	-52.616	-42.566	1.972
	234	amino	ASP
		 N  	-54.022	-35.882	4.166
		 CA 	-53.589	-34.556	4.599
		 C  	-52.939	-33.778	3.456
		 O  	-52.113	-34.325	2.711
		 CB 	-52.561	-34.67	5.733
		 CG 	-53.19	-34.957	7.095
		 OD1	-54.436	-34.881	7.242
		 OD2	-52.406	-35.236	8.026
	235	amino	GLY
		 N  	-53.288	-32.501	3.35
		 CA 	-52.716	-31.646	2.325
		 C  	-53.663	-30.541	1.914
		 O  	-54.331	-29.918	2.74
	236	amino	SER
		 N  	-53.737	-30.311	0.611
		 CA 	-54.613	-29.285	0.051
		 C  	-54.892	-29.64	-1.388
		 O  	-54.238	-30.503	-1.973
		 CB 	-53.955	-27.905	0.123
		 OG 	-52.646	-27.944	-0.42
	237	amino	SER
		 N  	-55.857	-28.955	-1.965
		 CA 	-56.218	-29.214	-3.33
		 C  	-57.18	-28.136	-3.777
		 O  	-57.791	-27.442	-2.948
		 CB 	-56.874	-30.6	-3.448
		 OG 	-58.016	-30.714	-2.612
	238	amino	LYS
		 N  	-57.263	-27.959	-5.09
		 CA 	-58.182	-26.996	-5.687
		 C  	-58.615	-27.593	-7.014
		 O  	-57.831	-28.243	-7.716
		 CB 	-57.528	-25.636	-5.924
		 CG 	-57.075	-24.909	-4.669
		 CD 	-56.374	-23.619	-5.048
		 CE 	-55.755	-22.932	-3.847
		 NZ 	-56.799	-22.482	-2.893
	239	amino	THR
		 N  	-59.888	-27.428	-7.323
		 CA 	-60.433	-27.944	-8.551
		 C  	-61.319	-26.835	-9.054
		 O  	-62.103	-26.262	-8.293
		 CB 	-61.224	-29.238	-8.298
		 OG1	-60.337	-30.245	-7.772
		 CG2	-61.847	-29.743	-9.588
	240	amino	ALA
		 N  	-61.111	-26.454	-10.309
		 CA 	-61.891	-25.385	-10.899
		 C  	-62.402	-25.823	-12.243
		 O  	-61.78	-26.628	-12.93
		 CB 	-61.053	-24.112	-11.04
	241	amino	LEU
		 N  	-63.574	-25.317	-12.582
		 CA 	-64.205	-25.621	-13.841
		 C  	-64.483	-24.266	-14.451
		 O  	-65.178	-23.446	-13.845
		 CB 	-65.513	-26.368	-13.603
		 CG 	-66.238	-26.775	-14.886
		 CD1	-65.336	-27.696	-15.703
		 CD2	-67.547	-27.47	-14.537
	242	amino	LEU
		 N  	-63.903	-24.022	-15.627
		 CA 	-64.076	-22.739	-16.286
		 C  	-64.855	-22.848	-17.577
		 O  	-64.796	-23.866	-18.282
		 CB 	-62.717	-22.073	-16.552
		 CG 	-61.758	-21.876	-15.374
		 CD1	-60.832	-23.068	-15.255
		 CD2	-60.971	-20.586	-15.585
	243	amino	TYR
		 N  	-65.571	-21.777	-17.889
		 CA 	-66.377	-21.73	-19.091
		 C  	-66.429	-20.307	-19.618
		 O  	-66.556	-19.357	-18.844
		 CB 	-67.819	-22.234	-18.828
		 CG 	-68.735	-21.944	-19.991
		 CD1	-68.683	-22.727	-21.144
		 CD2	-69.532	-20.807	-20.002
		 CE1	-69.387	-22.377	-22.288
		 CE2	-70.244	-20.437	-21.137
		 CZ 	-70.165	-21.225	-22.285
		 OH 	-70.833	-20.846	-23.442
	244	amino	GLY
		 N  	-66.393	-20.175	-20.941
		 CA 	-66.458	-18.859	-21.548
		 C  	-66.993	-18.925	-22.963
		 O  	-66.829	-19.933	-23.653
	245	amino	HIS
		 N  	-67.621	-17.843	-23.392
		 CA 	-68.203	-17.759	-24.713
		 C  	-67.897	-16.387	-25.266
		 O  	-67.984	-15.4	-24.524
		 CB 	-69.719	-17.925	-24.624
		 CG 	-70.358	-18.291	-25.925
		 ND1	-71.017	-17.374	-26.717
		 CD2	-70.397	-19.469	-26.597
		 CE1	-71.431	-17.969	-27.822
		 NE2	-71.067	-19.24	-27.773
	246	amino	GLY
		 N  	-67.552	-16.322	-26.555
		 CA 	-67.226	-15.052	-27.179
		 C  	-65.902	-14.509	-26.662
		 O  	-64.903	-15.239	-26.614
	247	amino	LEU
		 N  	-65.878	-13.232	-26.269
		 CA 	-64.645	-12.636	-25.747
		 C  	-64.204	-13.346	-24.464
		 O  	-63.029	-13.297	-24.088
		 CB 	-64.809	-11.137	-25.493
		 CG 	-64.747	-10.226	-26.727
		 CD1	-64.888	-8.738	-26.312
		 CD2	-63.418	-10.459	-27.46
	248	amino	GLY
		 N  	-65.148	-14.013	-23.805
		 CA 	-64.826	-14.746	-22.605
		 C  	-64.305	-16.133	-22.918
		 O  	-63.986	-16.887	-21.997
	249	amino	ALA
		 N  	-64.158	-16.474	-24.197
		 CA 	-63.683	-17.827	-24.552
		 C  	-62.204	-18.133	-24.223
		 O  	-61.745	-19.279	-24.374
		 CB 	-64.034	-18.187	-26.002
	250	amino	GLU
		 N  	-61.445	-17.097	-23.858
		 CA 	-60.066	-17.297	-23.389
		 C  	-60.32	-17.298	-21.873
		 O  	-60.497	-16.232	-21.259
		 CB 	-59.158	-16.12	-23.756
		 CG 	-57.847	-16.072	-22.952
		 CD 	-57.21	-17.452	-22.698
		 OE1	-57.186	-18.3	-23.616
		 OE2	-56.728	-17.693	-21.562
	251	amino	VAL
		 N  	-60.432	-18.498	-21.304
		 CA 	-60.753	-18.669	-19.88
		 C  	-59.701	-18.347	-18.805
		 O  	-60.037	-18.276	-17.634
		 CB 	-61.34	-20.075	-19.62
		 CG1	-62.541	-20.31	-20.531
		 CG2	-60.287	-21.14	-19.833
	252	amino	LYS
		 N  	-58.44	-18.177	-19.185
		 CA 	-57.413	-17.842	-18.208
		 C  	-57.274	-16.325	-18.195
		 O  	-57.813	-15.659	-17.302
		 CB 	-56.084	-18.529	-18.542
		 CG 	-55.001	-18.411	-17.48
		 CD 	-53.776	-19.26	-17.862
		 CE 	-52.955	-18.609	-19.002
		 NZ 	-51.727	-19.404	-19.342
	253	amino	GLY
		 N  	-56.603	-15.772	-19.204
		 CA 	-56.43	-14.331	-19.271
		 C  	-57.722	-13.674	-19.724
		 O  	-57.897	-13.372	-20.912
	254	amino	ILE
		 N  	-58.643	-13.48	-18.785
		 CA 	-59.926	-12.863	-19.076
		 C  	-59.806	-11.539	-19.823
		 O  	-59.139	-10.612	-19.363
		 CB 	-60.716	-12.608	-17.784
		 CG1	-60.846	-13.905	-16.97
		 CG2	-62.085	-12.004	-18.116
		 CD1	-61.445	-13.693	-15.588
	255	amino	GLY
		 N  	-60.461	-11.46	-20.981
		 CA 	-60.456	-10.239	-21.78
		 C  	-59.125	-9.917	-22.435
		 O  	-58.905	-8.772	-22.86
	256	amino	SER
		 N  	-58.244	-10.919	-22.533
		 CA 	-56.911	-10.741	-23.118
		 C  	-56.748	-11.179	-24.591
		 O  	-55.687	-10.973	-25.186
		 CB 	-55.881	-11.497	-22.278
		 OG 	-56.0	-12.895	-22.468
	257	amino	ASP
		 N  	-57.783	-11.799	-25.158
		 CA 	-57.738	-12.274	-26.537
		 C  	-58.791	-11.571	-27.396
		 O  	-59.974	-11.883	-27.31
		 CB 	-57.984	-13.779	-26.55
		 CG 	-57.641	-14.413	-27.866
		 OD1	-57.726	-13.745	-28.92
		 OD2	-57.279	-15.6	-27.835
	258	amino	GLY
		 N  	-58.352	-10.647	-28.244
		 CA 	-59.279	-9.923	-29.101
		 C  	-59.613	-10.553	-30.451
		 O  	-60.378	-9.967	-31.223
	259	amino	ALA
		 N  	-59.052	-11.73	-30.74
		 CA 	-59.294	-12.422	-32.015
		 C  	-60.403	-13.463	-31.943
		 O  	-60.752	-14.072	-32.949
		 CB 	-57.994	-13.086	-32.532
	260	amino	LEU
		 N  	-60.982	-13.637	-30.762
		 CA 	-62.036	-14.626	-30.549
		 C  	-63.313	-14.336	-31.333
		 O  	-63.761	-13.192	-31.433
		 CB 	-62.343	-14.735	-29.051
		 CG 	-61.189	-15.318	-28.24
		 CD1	-61.35	-15.044	-26.752
		 CD2	-61.103	-16.81	-28.522
	261	amino	ARG
		 N  	-63.898	-15.392	-31.886
		 CA 	-65.137	-15.262	-32.653
		 C  	-66.309	-15.203	-31.693
		 O  	-66.232	-15.698	-30.568
		 CB 	-65.331	-16.449	-33.617
		 CG 	-64.341	-16.479	-34.769
		 CD 	-64.604	-17.663	-35.665
		 NE 	-65.797	-17.49	-36.494
		 CZ 	-66.93	-18.174	-36.336
		 NH1	-67.053	-19.09	-35.37
		 NH2	-67.937	-17.959	-37.168
	262	amino	PRO
		 N  	-67.426	-14.612	-32.135
		 CA 	-68.612	-14.508	-31.283
		 C  	-69.063	-15.852	-30.744
		 O  	-69.482	-15.958	-29.587
		 CB 	-69.654	-13.911	-32.229
		 CG 	-68.82	-12.992	-33.091
		 CD 	-67.63	-13.894	-33.41
	263	amino	GLY
		 N  	-68.936	-16.884	-31.57
		 CA 	-69.376	-18.211	-31.169
		 C  	-68.315	-19.054	-30.519
		 O  	-68.502	-20.267	-30.404
	264	amino	ALA
		 N  	-67.197	-18.424	-30.136
		 CA 	-66.088	-19.118	-29.475
		 C  	-66.648	-19.688	-28.182
		 O  	-67.34	-18.985	-27.447
		 CB 	-64.985	-18.154	-29.184
	265	amino	ASP
		 N  	-66.336	-20.944	-27.895
		 CA 	-66.886	-21.61	-26.72
		 C  	-65.834	-22.504	-26.072
		 O  	-65.343	-23.45	-26.704
		 CB 	-68.08	-22.456	-27.18
		 CG 	-68.958	-22.915	-26.041
		 OD1	-69.861	-22.128	-25.655
		 OD2	-68.759	-24.07	-25.576
	266	amino	THR
		 N  	-65.533	-22.248	-24.795
		 CA 	-64.509	-23.029	-24.095
		 C  	-64.906	-23.56	-22.723
		 O  	-65.662	-22.924	-21.975
		 CB 	-63.199	-22.212	-23.917
		 OG1	-62.779	-21.674	-25.179
		 CG2	-62.091	-23.088	-23.369
	267	amino	TRP
		 N  	-64.373	-24.745	-22.421
		 CA 	-64.547	-25.445	-21.155
		 C  	-63.15	-25.827	-20.742
		 O  	-62.38	-26.339	-21.564
		 CB 	-65.331	-26.741	-21.328
		 CG 	-66.765	-26.516	-21.39
		 CD1	-67.521	-26.366	-22.513
		 CD2	-67.639	-26.319	-20.283
		 NE1	-68.815	-26.071	-22.172
		 CE2	-68.92	-26.038	-20.808
		 CE3	-67.465	-26.348	-18.885
		 CZ2	-70.031	-25.786	-19.989
		 CZ3	-68.567	-26.097	-18.068
		 CH2	-69.838	-25.818	-18.626
	268	amino	ARG
		 N  	-62.808	-25.575	-19.482
		 CA 	-61.483	-25.942	-18.994
		 C  	-61.581	-26.468	-17.583
		 O  	-62.387	-25.974	-16.772
		 CB 	-60.514	-24.756	-19.037
		 CG 	-59.09	-25.167	-18.69
		 CD 	-58.135	-23.971	-18.536
		 NE 	-57.656	-23.409	-19.799
		 CZ 	-56.552	-22.668	-19.922
		 NH1	-55.806	-22.394	-18.852
		 NH2	-56.176	-22.21	-21.119
	269	amino	ILE
		 N  	-60.804	-27.506	-17.303
		 CA 	-60.78	-28.071	-15.967
		 C  	-59.35	-27.989	-15.433
		 O  	-58.397	-28.345	-16.133
		 CB 	-61.289	-29.536	-15.927
		 CG1	-61.385	-29.999	-14.472
		 CG2	-60.36	-30.479	-16.719
		 CD1	-61.913	-31.42	-14.308
	270	amino	ALA
		 N  	-59.21	-27.432	-14.228
		 CA 	-57.911	-27.275	-13.572
		 C  	-57.989	-27.947	-12.218
		 O  	-58.978	-27.782	-11.49
		 CB 	-57.579	-25.806	-13.401
	271	amino	SER
		 N  	-56.97	-28.726	-11.883
		 CA 	-56.987	-29.397	-10.61
		 C  	-55.631	-29.871	-10.14
		 O  	-54.883	-30.53	-10.876
		 CB 	-57.945	-30.581	-10.648
		 OG 	-58.161	-31.073	-9.335
	272	amino	TYR
		 N  	-55.332	-29.552	-8.886
		 CA 	-54.077	-29.972	-8.29
		 C  	-54.241	-30.21	-6.792
		 O  	-55.156	-29.694	-6.153
		 CB 	-52.964	-28.948	-8.537
		 CG 	-53.026	-27.746	-7.621
		 CD1	-53.781	-26.629	-7.959
		 CD2	-52.33	-27.731	-6.406
		 CE1	-53.844	-25.527	-7.117
		 CE2	-52.39	-26.634	-5.548
		 CZ 	-53.149	-25.537	-5.914
		 OH 	-53.224	-24.435	-5.097
	273	amino	GLY
		 N  	-53.311	-30.967	-6.241
		 CA 	-53.344	-31.261	-4.838
		 C  	-51.937	-31.442	-4.332
		 O  	-51.027	-31.795	-5.094
	274	amino	THR
		 N  	-51.773	-31.237	-3.028
		 CA 	-50.473	-31.373	-2.37
		 C  	-50.615	-32.338	-1.201
		 O  	-51.621	-32.288	-0.495
		 CB 	-49.986	-29.974	-1.88
		 OG1	-49.084	-29.417	-2.854
		 CG2	-49.323	-30.049	-0.521
	275	amino	THR
		 N  	-49.652	-33.247	-1.032
		 CA 	-49.693	-34.189	0.077
		 C  	-48.36	-34.848	0.383
		 O  	-47.565	-35.117	-0.518
		 CB 	-50.738	-35.329	-0.137
		 OG1	-50.807	-36.137	1.05
		 CG2	-50.358	-36.229	-1.303
	276	amino	PRO
		 N  	-48.047	-35.026	1.679
		 CA 	-46.782	-35.677	2.065
		 C  	-47.009	-37.191	2.092
		 O  	-48.011	-37.662	2.637
		 CB 	-46.513	-35.108	3.46
		 CG 	-47.9	-34.854	4.006
		 CD 	-48.634	-34.282	2.817
	277	amino	LEU
		 N  	-46.138	-37.938	1.424
		 CA 	-46.245	-39.4	1.367
		 C  	-45.624	-40.053	2.594
		 O  	-45.905	-41.213	2.902
		 CB 	-45.561	-39.918	0.109
		 CG 	-46.459	-40.381	-1.03
		 CD1	-47.746	-39.567	-1.109
		 CD2	-45.641	-40.304	-2.306
	278	amino	SER
		 N  	-44.732	-39.303	3.238
		 CA 	-44.022	-39.69	4.456
		 C  	-43.303	-38.413	4.927
		 O  	-43.594	-37.315	4.42
		 CB 	-43.044	-40.867	4.222
		 OG 	-41.975	-40.531	3.372
	279	amino	GLU
		 N  	-42.433	-38.529	5.934
		 CA 	-41.696	-37.359	6.451
		 C  	-40.501	-36.983	5.54
		 O  	-39.685	-36.121	5.884
		 CB 	-41.232	-37.574	7.923
		 CG 	-39.983	-38.472	8.156
		 CD 	-40.246	-39.982	8.026
		 OE1	-41.431	-40.415	7.997
		 OE2	-39.241	-40.735	7.966
	280	amino	ASN
		 N  	-40.414	-37.627	4.376
		 CA 	-39.331	-37.35	3.431
		 C  	-39.808	-37.175	1.963
		 O  	-39.165	-36.463	1.184
		 CB 	-38.212	-38.409	3.567
		 CG 	-38.74	-39.84	3.503
		 OD1	-38.31	-40.639	2.659
		 ND2	-39.669	-40.173	4.396
	281	amino	TRP
		 N  	-40.963	-37.763	1.624
		 CA 	-41.542	-37.684	0.276
		 C  	-42.818	-36.851	0.184
		 O  	-43.755	-37.036	0.964
		 CB 	-41.851	-39.08	-0.261
		 CG 	-40.68	-39.784	-0.841
		 CD1	-39.857	-40.659	-0.196
		 CD2	-40.217	-39.727	-2.204
		 NE1	-38.913	-41.162	-1.073
		 CE2	-39.112	-40.609	-2.308
		 CE3	-40.635	-39.024	-3.347
		 CZ2	-38.416	-40.811	-3.511
		 CZ3	-39.946	-39.221	-4.547
		 CH2	-38.845	-40.112	-4.616
	282	amino	SER
		 N  	-42.844	-35.93	-0.775
		 CA 	-44.026	-35.093	-1.01
		 C  	-44.398	-35.208	-2.487
		 O  	-43.521	-35.29	-3.353
		 CB 	-43.775	-33.628	-0.637
		 OG 	-43.687	-33.459	0.767
	283	amino	VAL
		 N  	-45.696	-35.254	-2.769
		 CA 	-46.145	-35.374	-4.135
		 C  	-47.185	-34.296	-4.496
		 O  	-48.024	-33.902	-3.671
		 CB 	-46.674	-36.814	-4.414
		 CG1	-47.949	-37.098	-3.629
		 CG2	-46.943	-36.997	-5.88
	284	amino	ALA
		 N  	-47.073	-33.762	-5.707
		 CA 	-48.019	-32.759	-6.158
		 C  	-48.493	-33.06	-7.578
		 O  	-47.854	-32.67	-8.551
		 CB 	-47.408	-31.36	-6.086
	285	amino	PRO
		 N  	-49.598	-33.8	-7.715
		 CA 	-50.079	-34.094	-9.061
		 C  	-50.871	-32.885	-9.573
		 O  	-51.373	-32.081	-8.776
		 CB 	-50.988	-35.305	-8.826
		 CG 	-51.61	-34.995	-7.507
		 CD 	-50.416	-34.484	-6.695
	286	amino	ALA
		 N  	-50.96	-32.73	-10.891
		 CA 	-51.746	-31.62	-11.443
		 C  	-52.366	-31.97	-12.791
		 O  	-51.886	-32.847	-13.486
		 CB 	-50.89	-30.35	-11.55
	287	amino	MET
		 N  	-53.471	-31.324	-13.127
		 CA 	-54.106	-31.585	-14.398
		 C  	-54.763	-30.338	-14.952
		 O  	-55.343	-29.54	-14.222
		 CB 	-55.112	-32.728	-14.288
		 CG 	-56.562	-32.284	-14.269
		 SD 	-57.601	-33.552	-14.993
		 CE 	-57.282	-33.326	-16.718
	288	amino	LEU
		 N  	-54.636	-30.187	-16.262
		 CA 	-55.186	-29.061	-17.001
		 C  	-55.673	-29.666	-18.315
		 O  	-54.906	-30.341	-19.017
		 CB 	-54.077	-28.066	-17.314
		 CG 	-54.237	-26.581	-17.033
		 CD1	-53.383	-25.833	-18.051
		 CD2	-55.675	-26.135	-17.11
	289	amino	ALA
		 N  	-56.941	-29.447	-18.629
		 CA 	-57.531	-29.968	-19.852
		 C  	-58.469	-28.918	-20.377
		 O  	-59.144	-28.235	-19.593
		 CB 	-58.294	-31.246	-19.569
	290	amino	GLN
		 N  	-58.51	-28.776	-21.698
		 CA 	-59.384	-27.782	-22.313
		 C  	-59.953	-28.254	-23.635
		 O  	-59.332	-29.05	-24.335
		 CB 	-58.628	-26.472	-22.537
		 CG 	-59.476	-25.337	-23.135
		 CD 	-58.643	-24.097	-23.534
		 OE1	-58.776	-23.009	-22.942
		 NE2	-57.803	-24.255	-24.56
	291	amino	ARG
		 N  	-61.147	-27.756	-23.954
		 CA 	-61.842	-28.056	-25.206
		 C  	-62.361	-26.706	-25.685
		 O  	-63.166	-26.059	-25.008
		 CB 	-62.995	-29.028	-24.946
		 CG 	-63.855	-29.383	-26.146
		 CD 	-64.97	-30.315	-25.676
		 NE 	-65.585	-31.091	-26.751
		 CZ 	-66.421	-30.592	-27.657
		 NH1	-66.743	-29.299	-27.623
		 NH2	-66.946	-31.391	-28.586
	292	amino	SER
		 N  	-61.849	-26.252	-26.82
		 CA 	-62.265	-24.961	-27.362
		 C  	-62.75	-25.127	-28.82
		 O  	-62.052	-25.735	-29.635
		 CB 	-61.09	-23.981	-27.262
		 OG 	-61.537	-22.651	-27.101
	293	amino	LYS
		 N  	-63.938	-24.604	-29.13
		 CA 	-64.539	-24.719	-30.462
		 C  	-64.869	-23.364	-31.087
		 O  	-65.288	-22.437	-30.384
		 CB 	-65.846	-25.514	-30.365
		 CG 	-65.697	-26.991	-29.998
		 CD 	-65.298	-27.812	-31.23
		 CE 	-65.387	-29.34	-31.012
		 NZ 	-64.31	-29.892	-30.124
	294	amino	ASP
		 N  	-64.764	-23.275	-32.416
		 CA 	-65.076	-22.043	-33.165
		 C  	-64.387	-20.845	-32.531
		 O  	-64.9	-19.716	-32.514
		 CB 	-66.59	-21.788	-33.211
		 CG 	-67.388	-23.036	-33.554
		 OD1	-67.029	-23.72	-34.545
		 OD2	-68.362	-23.339	-32.816
	295	amino	ARG
		 N  	-63.188	-21.111	-32.042
		 CA 	-62.397	-20.119	-31.367
		 C  	-61.954	-18.968	-32.269
		 O  	-62.398	-17.827	-32.08
		 CB 	-61.204	-20.813	-30.725
		 CG 	-60.396	-19.933	-29.813
		 CD 	-59.25	-20.738	-29.239
		 NE 	-58.417	-19.916	-28.377
		 CZ 	-58.478	-19.924	-27.046
		 NH1	-59.328	-20.729	-26.406
		 NH2	-57.738	-19.059	-26.364
	296	amino	TYR
		 N  	-61.097	-19.268	-33.249
		 CA 	-60.578	-18.244	-34.154
		 C  	-61.148	-18.398	-35.551
		 O  	-61.296	-17.417	-36.303
		 CB 	-59.052	-18.328	-34.228
		 CG 	-58.369	-18.124	-32.901
		 CD1	-58.499	-16.916	-32.203
		 CD2	-57.612	-19.141	-32.334
		 CE1	-57.89	-16.732	-30.971
		 CE2	-57.003	-18.972	-31.108
		 CZ 	-57.144	-17.768	-30.428
		 OH 	-56.539	-17.631	-29.196
	297	amino	ALA
		 N  	-61.409	-19.648	-35.911
		 CA 	-61.955	-19.969	-37.216
		 C  	-63.183	-20.859	-37.062
		 O  	-63.254	-21.728	-36.178
		 CB 	-60.895	-20.649	-38.092
	298	amino	ASP
		 N  	-64.158	-20.606	-37.924
		 CA 	-65.408	-21.347	-37.959
		 C  	-65.131	-22.85	-38.095
		 O  	-64.421	-23.277	-39.002
		 CB 	-66.223	-20.854	-39.161
		 CG 	-67.699	-21.192	-39.05
		 OD1	-68.079	-21.929	-38.092
		 OD2	-68.466	-20.702	-39.928
	299	amino	GLY
		 N  	-65.681	-23.649	-37.192
		 CA 	-65.459	-25.08	-37.257
		 C  	-64.132	-25.543	-36.674
		 O  	-63.833	-26.756	-36.725
	300	amino	ASP
		 N  	-63.316	-24.632	-36.12
		 CA 	-62.047	-25.092	-35.529
		 C  	-62.272	-25.832	-34.205
		 O  	-63.38	-25.854	-33.642
		 CB 	-60.979	-23.971	-35.401
		 CG 	-61.247	-22.985	-34.262
		 OD1	-62.079	-23.25	-33.368
		 OD2	-60.596	-21.923	-34.263
	301	amino	SER
		 N  	-61.213	-26.417	-33.69
		 CA 	-61.339	-27.151	-32.462
		 C  	-59.959	-27.378	-31.869
		 O  	-59.021	-27.769	-32.575
		 CB 	-62.054	-28.478	-32.743
		 OG 	-61.677	-29.498	-31.824
	302	amino	TYR
		 N  	-59.832	-27.067	-30.584
		 CA 	-58.583	-27.255	-29.873
		 C  	-58.918	-28.085	-28.641
		 O  	-59.856	-27.765	-27.903
		 CB 	-57.981	-25.902	-29.476
		 CG 	-57.576	-25.023	-30.65
		 CD1	-56.298	-25.106	-31.199
		 CD2	-58.469	-24.117	-31.207
		 CE1	-55.916	-24.306	-32.282
		 CE2	-58.1	-23.311	-32.286
		 CZ 	-56.824	-23.413	-32.815
		 OH 	-56.454	-22.606	-33.861
	303	amino	GLN
		 N  	-58.205	-29.189	-28.459
		 CA 	-58.422	-30.058	-27.313
		 C  	-57.109	-30.654	-26.851
		 O  	-56.369	-31.252	-27.646
		 CB 	-59.343	-31.206	-27.677
		 CG 	-60.749	-30.804	-28.019
		 CD 	-61.572	-32.009	-28.456
		 OE1	-61.306	-32.603	-29.507
		 NE2	-62.565	-32.387	-27.643
	304	amino	TRP
		 N  	-56.816	-30.498	-25.564
		 CA 	-55.592	-31.039	-24.989
		 C  	-55.763	-31.277	-23.501
		 O  	-56.675	-30.741	-22.857
		 CB 	-54.401	-30.115	-25.268
		 CG 	-54.654	-28.655	-24.985
		 CD1	-54.906	-27.671	-25.903
		 CD2	-54.706	-28.022	-23.698
		 NE1	-55.125	-26.464	-25.268
		 CE2	-55.008	-26.653	-23.914
		 CE3	-54.535	-28.48	-22.381
		 CZ2	-55.145	-25.742	-22.865
		 CZ3	-54.674	-27.572	-21.338
		 CH2	-54.977	-26.219	-21.587
	305	amino	ALA
		 N  	-54.921	-32.143	-22.972
		 CA 	-54.941	-32.457	-21.563
		 C  	-53.509	-32.682	-21.106
		 O  	-52.751	-33.437	-21.722
		 CB 	-55.783	-33.685	-21.305
	306	amino	THR
		 N  	-53.127	-31.959	-20.063
		 CA 	-51.793	-32.085	-19.49
		 C  	-51.888	-32.761	-18.131
		 O  	-52.834	-32.524	-17.372
		 CB 	-51.117	-30.68	-19.237
		 OG1	-50.85	-30.014	-20.479
		 CG2	-49.807	-30.834	-18.464
	307	amino	PHE
		 N  	-50.908	-33.604	-17.834
		 CA 	-50.82	-34.231	-16.537
		 C  	-49.39	-34.031	-16.05
		 O  	-48.442	-34.551	-16.641
		 CB 	-51.143	-35.72	-16.573
		 CG 	-50.961	-36.396	-15.233
		 CD1	-51.904	-36.219	-14.205
		 CD2	-49.814	-37.161	-14.965
		 CE1	-51.705	-36.796	-12.921
		 CE2	-49.606	-37.739	-13.687
		 CZ 	-50.553	-37.555	-12.668
	308	amino	ASN
		 N  	-49.236	-33.264	-14.978
		 CA 	-47.917	-33.014	-14.404
		 C  	-47.826	-33.679	-13.045
		 O  	-48.807	-33.697	-12.294
		 CB 	-47.66	-31.51	-14.24
		 CG 	-46.196	-31.202	-14.031
		 OD1	-45.757	-30.862	-12.928
		 ND2	-45.419	-31.368	-15.084
	309	amino	LEU
		 N  	-46.652	-34.204	-12.722
		 CA 	-46.461	-34.853	-11.443
		 C  	-45.095	-34.479	-10.886
		 O  	-44.064	-34.886	-11.444
		 CB 	-46.589	-36.367	-11.607
		 CG 	-46.749	-37.329	-10.415
		 CD1	-45.412	-37.848	-9.933
		 CD2	-47.548	-36.677	-9.307
	310	amino	ARG
		 N  	-45.105	-33.65	-9.827
		 CA 	-43.886	-33.191	-9.131
		 C  	-43.718	-33.981	-7.814
		 O  	-44.653	-34.072	-6.996
		 CB 	-43.982	-31.685	-8.826
		 CG 	-42.668	-30.992	-8.458
		 CD 	-41.826	-30.59	-9.683
		 NE 	-41.183	-29.29	-9.452
		 CZ 	-41.513	-28.151	-10.062
		 NH1	-42.466	-28.133	-10.988
		 NH2	-40.976	-26.998	-9.659
	311	amino	LEU
		 N  	-42.532	-34.558	-7.633
		 CA 	-42.175	-35.342	-6.444
		 C  	-40.891	-34.804	-5.824
		 O  	-39.928	-34.543	-6.553
		 CB 	-41.886	-36.789	-6.84
		 CG 	-43.027	-37.736	-7.194
		 CD1	-42.464	-38.987	-7.858
		 CD2	-43.8	-38.1	-5.932
	312	amino	ILE
		 N  	-40.868	-34.611	-4.501
		 CA 	-39.628	-34.172	-3.824
		 C  	-39.247	-35.174	-2.736
		 O  	-40.105	-35.596	-1.936
		 CB 	-39.708	-32.794	-3.104
		 CG1	-41.041	-32.109	-3.363
		 CG2	-38.515	-31.905	-3.505
		 CD1	-41.249	-30.871	-2.465
	313	amino	GLN
		 N  	-37.966	-35.522	-2.692
		 CA 	-37.453	-36.451	-1.698
		 C  	-36.364	-35.789	-0.856
		 O  	-35.239	-35.573	-1.329
		 CB 	-36.882	-37.693	-2.37
		 CG 	-36.179	-38.618	-1.403
		 CD 	-35.402	-39.718	-2.099
		 OE1	-35.183	-40.794	-1.529
		 NE2	-34.966	-39.457	-3.337
	314	amino	ALA
		 N  	-36.708	-35.442	0.383
		 CA 	-35.748	-34.819	1.276
		 C  	-34.633	-35.81	1.577
		 O  	-34.858	-37.015	1.627
		 CB 	-36.423	-34.36	2.555
	315	amino	ILE
		 N  	-33.42	-35.292	1.699
		 CA 	-32.244	-36.1	1.992
		 C  	-31.499	-35.473	3.182
		 O  	-30.973	-36.177	4.036
		 CB 	-31.344	-36.187	0.736
		 CG1	-31.976	-37.154	-0.257
		 CG2	-29.916	-36.563	1.094
		 CD1	-31.1	-37.482	-1.421
	316	amino	ASN
		 N  	-31.511	-34.142	3.235
		 CA 	-30.88	-33.348	4.282
		 C  	-31.865	-32.288	4.639
		 O  	-32.929	-32.153	4.047
		 CB 	-29.69	-32.538	3.76
		 CG 	-28.507	-33.366	3.48
		 OD1	-28.429	-34.523	3.889
		 ND2	-27.55	-32.787	2.781
	317	amino	GLN
		 N  	-31.395	-31.432	5.519
		 CA 	-32.138	-30.29	5.949
		 C  	-32.016	-29.308	4.749
		 O  	-32.911	-28.493	4.499
		 CB 	-31.423	-29.738	7.182
		 CG 	-32.089	-28.565	7.843
		 CD 	-31.099	-27.753	8.626
		 OE1	-30.197	-28.304	9.265
		 NE2	-31.222	-26.432	8.541
	318	amino	ASN
		 N  	-30.94	-29.472	3.969
		 CA 	-30.636	-28.596	2.83
		 C  	-30.638	-29.218	1.437
		 O  	-30.607	-28.498	0.439
		 CB 	-29.257	-27.976	3.016
		 CG 	-29.085	-27.326	4.358
		 OD1	-28.045	-27.481	4.987
		 ND2	-30.101	-26.597	4.811
	319	amino	PHE
		 N  	-30.616	-30.541	1.356
		 CA 	-30.58	-31.183	0.054
		 C  	-31.801	-32.027	-0.229
		 O  	-32.314	-32.7	0.665
		 CB 	-29.333	-32.036	-0.048
		 CG 	-29.115	-32.602	-1.391
		 CD1	-29.001	-31.767	-2.494
		 CD2	-28.975	-33.975	-1.561
		 CE1	-28.744	-32.294	-3.749
		 CE2	-28.719	-34.516	-2.816
		 CZ 	-28.602	-33.681	-3.909
	320	amino	ALA
		 N  	-32.273	-31.976	-1.472
		 CA 	-33.438	-32.751	-1.888
		 C  	-33.292	-33.233	-3.325
		 O  	-32.388	-32.794	-4.051
		 CB 	-34.705	-31.925	-1.75
	321	amino	LEU
		 N  	-34.097	-34.227	-3.694
		 CA 	-34.103	-34.74	-5.064
		 C  	-35.508	-34.517	-5.607
		 O  	-36.464	-35.095	-5.098
		 CB 	-33.761	-36.226	-5.119
		 CG 	-32.343	-36.694	-4.784
		 CD1	-32.242	-38.181	-5.087
		 CD2	-31.303	-35.947	-5.598
	322	amino	ALA
		 N  	-35.647	-33.601	-6.566
		 CA 	-36.951	-33.33	-7.171
		 C  	-37.102	-34.1	-8.499
		 O  	-36.116	-34.351	-9.217
		 CB 	-37.145	-31.829	-7.381
	323	amino	TYR
		 N  	-38.324	-34.543	-8.774
		 CA 	-38.621	-35.281	-9.989
		 C  	-39.901	-34.719	-10.579
		 O  	-40.807	-34.329	-9.853
		 CB 	-38.837	-36.773	-9.722
		 CG 	-37.736	-37.487	-8.959
		 CD1	-37.68	-37.427	-7.56
		 CD2	-36.802	-38.283	-9.62
		 CE1	-36.743	-38.135	-6.848
		 CE2	-35.853	-39.003	-8.909
		 CZ 	-35.835	-38.92	-7.522
		 OH 	-34.896	-39.622	-6.806
	324	amino	GLU
		 N  	-39.951	-34.647	-11.908
		 CA 	-41.136	-34.161	-12.601
		 C  	-41.412	-35.01	-13.812
		 O  	-40.484	-35.408	-14.536
		 CB 	-40.996	-32.707	-13.03
		 CG 	-42.282	-32.147	-13.601
		 CD 	-42.306	-30.634	-13.63
		 OE1	-41.568	-30.047	-14.454
		 OE2	-43.073	-30.034	-12.838
	325	amino	GLY
		 N  	-42.699	-35.294	-14.001
		 CA 	-43.156	-36.094	-15.118
		 C  	-44.318	-35.366	-15.754
		 O  	-45.268	-34.968	-15.06
	326	amino	SER
		 N  	-44.195	-35.101	-17.055
[...]
		 CG2	-65.06	15.446	-12.78
	352	amino	PHE
		 N  	-67.953	16.01	-11.597
		 CA 	-68.502	15.692	-10.299
		 C  	-67.8	14.4	-9.894
		 O  	-67.903	13.386	-10.591
		 CB 	-70.012	15.474	-10.421
		 CG 	-70.642	14.899	-9.188
		 CD1	-70.709	15.646	-8.01
		 CD2	-71.175	13.615	-9.201
		 CE1	-71.309	15.119	-6.856
		 CE2	-71.773	13.081	-8.061
		 CZ 	-71.841	13.837	-6.888
	353	amino	ALA
		 N  	-67.105	14.412	-8.759
		 CA 	-66.376	13.211	-8.362
		 C  	-66.494	12.681	-6.926
		 O  	-65.88	13.222	-6.012
		 CB 	-64.889	13.374	-8.741
	354	amino	PRO
		 N  	-67.341	11.652	-6.706
		 CA 	-67.472	11.081	-5.36
		 C  	-66.063	10.576	-4.995
		 O  	-65.487	9.771	-5.732
		 CB 	-68.44	9.914	-5.595
		 CG 	-69.375	10.48	-6.624
		 CD 	-68.39	11.124	-7.601
	355	amino	THR
		 N  	-65.508	11.067	-3.882
		 CA 	-64.146	10.714	-3.457
		 C  	-64.023	10.017	-2.097
		 O  	-64.649	10.417	-1.132
		 CB 	-63.274	11.986	-3.385
		 OG1	-63.389	12.721	-4.607
		 CG2	-61.821	11.64	-3.148
	356	amino	PHE
		 N  	-63.178	8.997	-2.029
		 CA 	-62.916	8.258	-0.795
		 C  	-61.46	8.474	-0.383
		 O  	-60.564	8.473	-1.221
		 CB 	-63.129	6.764	-0.996
		 CG 	-64.552	6.377	-1.158
		 CD1	-65.33	6.068	-0.041
		 CD2	-65.127	6.322	-2.426
		 CE1	-66.652	5.712	-0.18
		 CE2	-66.461	5.964	-2.584
		 CZ 	-67.225	5.658	-1.459
	357	amino	LYS
		 N  	-61.221	8.661	0.906
		 CA 	-59.872	8.869	1.431
		 C  	-59.886	8.698	2.945
		 O  	-60.952	8.537	3.542
		 CB 	-59.354	10.263	1.063
		 CG 	-60.244	11.399	1.503
		 CD 	-59.817	12.72	0.883
		 CE 	-58.33	12.942	1.045
		 NZ 	-57.933	14.236	0.42
	358	amino	VAL
		 N  	-58.706	8.669	3.557
		 CA 	-58.619	8.528	5.016
		 C  	-58.135	9.824	5.667
		 O  	-58.627	10.219	6.719
		 CB 	-57.717	7.341	5.448
		 CG1	-58.261	6.055	4.864
		 CG2	-56.26	7.557	5.02
	359	amino	GLY
		 N  	-57.219	10.513	4.996
		 CA 	-56.69	11.754	5.518
		 C  	-57.658	12.924	5.574
		 O  	-58.863	12.805	5.316
	360	amino	SER
		 N  	-57.088	14.078	5.899
		 CA 	-57.825	15.309	6.021
		 C  	-58.529	15.708	4.723
		 O  	-57.895	16.155	3.767
		 CB 	-56.876	16.419	6.497
		 OG 	-57.566	17.636	6.754
	361	amino	ILE
		 N  	-59.848	15.563	4.706
		 CA 	-60.633	15.937	3.541
		 C  	-60.506	17.433	3.214
		 O  	-60.613	17.831	2.058
		 CB 	-62.101	15.562	3.728
		 CG1	-62.243	14.045	3.781
		 CG2	-62.951	16.144	2.619
		 CD1	-63.661	13.598	3.786
	362	amino	GLY
		 N  	-60.235	18.253	4.22
		 CA 	-60.092	19.678	3.979
		 C  	-58.74	20.023	3.383
		 O  	-58.52	21.142	2.918
	363	amino	ASP
		 N  	-57.808	19.082	3.448
		 CA 	-56.477	19.302	2.89
		 C  	-56.5	18.877	1.422
		 O  	-56.793	17.721	1.088
		 CB 	-55.431	18.488	3.651
		 CG 	-54.01	18.864	3.281
		 OD1	-53.784	19.913	2.646
		 OD2	-53.093	18.107	3.629
	364	amino	PHE
		 N  	-56.265	19.832	0.539
		 CA 	-56.256	19.533	-0.883
		 C  	-55.062	18.661	-1.232
		 O  	-55.02	18.061	-2.307
		 CB 	-56.216	20.817	-1.709
		 CG 	-57.561	21.427	-1.929
		 CD1	-58.487	20.817	-2.773
		 CD2	-57.909	22.617	-1.303
		 CE1	-59.737	21.385	-2.989
		 CE2	-59.164	23.194	-1.512
		 CZ 	-60.078	22.575	-2.355
	365	amino	PHE
		 N  	-54.128	18.535	-0.29
		 CA 	-52.933	17.75	-0.532
		 C  	-52.807	16.402	0.159
		 O  	-51.827	15.695	-0.07
		 CB 	-51.686	18.619	-0.352
		 CG 	-51.691	19.851	-1.227
		 CD1	-51.494	19.744	-2.606
		 CD2	-51.957	21.106	-0.684
		 CE1	-51.568	20.871	-3.432
		 CE2	-52.033	22.242	-1.5
		 CZ 	-51.839	22.122	-2.876
	366	amino	SER
		 N  	-53.782	16.022	0.984
		 CA 	-53.734	14.698	1.625
		 C  	-54.05	13.79	0.453
		 O  	-55.128	13.889	-0.126
		 CB 	-54.78	14.572	2.736
		 OG 	-56.052	14.999	2.295
	367	amino	ARG
		 N  	-53.147	12.87	0.137
		 CA 	-53.334	12.078	-1.074
		 C  	-53.992	10.749	-1.255
		 O  	-54.774	10.62	-2.203
		 CB 	-52.084	12.06	-1.946
		 CG 	-52.305	12.601	-3.366
		 CD 	-53.757	12.641	-3.914
		 NE 	-54.534	13.668	-3.253
		 CZ 	-54.882	14.854	-3.759
		 NH1	-54.544	15.226	-4.986
		 NH2	-55.572	15.693	-2.994
	368	amino	PRO
		 N  	-53.672	9.73	-0.432
		 CA 	-54.393	8.484	-0.754
		 C  	-55.888	8.757	-0.969
		 O  	-56.603	9.154	-0.042
		 CB 	-54.101	7.588	0.451
		 CG 	-52.789	8.144	0.985
		 CD 	-52.937	9.635	0.839
	369	amino	GLU
		 N  	-56.28	8.817	-2.242
		 CA 	-57.685	9.028	-2.577
		 C  	-58.112	8.284	-3.828
		 O  	-57.312	8.042	-4.726
		 CB 	-58.1	10.511	-2.578
		 CG 	-57.748	11.358	-3.751
		 CD 	-58.282	12.783	-3.597
		 OE1	-57.962	13.471	-2.605
		 OE2	-59.03	13.229	-4.483
	370	amino	ILE
		 N  	-59.321	7.737	-3.75
		 CA 	-59.931	6.964	-4.819
		 C  	-61.197	7.688	-5.246
		 O  	-62.1	7.915	-4.443
		 CB 	-60.288	5.553	-4.35
		 CG1	-59.019	4.76	-4.082
		 CG2	-61.165	4.854	-5.379
		 CD1	-59.264	3.313	-3.732
	371	amino	ARG
		 N  	-61.261	8.07	-6.509
		 CA 	-62.422	8.768	-6.973
		 C  	-63.161	8.136	-8.164
		 O  	-62.579	7.37	-8.942
		 CB 	-62.094	10.261	-7.16
		 CG 	-61.008	10.628	-8.154
		 CD 	-59.579	10.552	-7.616
		 NE 	-59.006	11.817	-7.116
		 CZ 	-57.911	12.421	-7.63
		 NH1	-57.28	11.905	-8.686
		 NH2	-57.347	13.467	-7.016
	372	amino	PHE
		 N  	-64.489	8.291	-8.129
		 CA 	-65.419	7.842	-9.17
		 C  	-65.874	9.169	-9.793
		 O  	-65.899	10.201	-9.107
		 CB 	-66.627	7.122	-8.561
		 CG 	-66.299	5.796	-7.97
		 CD1	-65.695	5.711	-6.722
		 CD2	-66.561	4.625	-8.678
		 CE1	-65.341	4.464	-6.171
		 CE2	-66.217	3.365	-8.149
		 CZ 	-65.602	3.284	-6.891
	373	amino	TYR
		 N  	-66.228	9.185	-11.074
		 CA 	-66.61	10.47	-11.643
		 C  	-67.383	10.435	-12.932
		 O  	-67.59	9.377	-13.529
		 CB 	-65.37	11.359	-11.836
		 CG 	-64.204	10.627	-12.453
		 CD1	-64.238	10.214	-13.784
		 CD2	-63.097	10.289	-11.691
		 CE1	-63.199	9.474	-14.33
		 CE2	-62.053	9.556	-12.227
		 CZ 	-62.107	9.151	-13.538
		 OH 	-61.06	8.428	-14.057
	374	amino	THR
		 N  	-67.811	11.633	-13.317
		 CA 	-68.566	11.905	-14.526
		 C  	-68.18	13.308	-14.949
		 O  	-68.167	14.231	-14.119
		 CB 	-70.101	11.966	-14.288
		 OG1	-70.567	10.738	-13.728
		 CG2	-70.806	12.169	-15.61
	375	amino	SER
		 N  	-67.838	13.475	-16.219
		 CA 	-67.519	14.811	-16.704
		 C  	-68.315	15.103	-17.955
		 O  	-68.772	14.201	-18.645
		 CB 	-66.036	14.963	-17.012
		 OG 	-65.279	14.681	-15.864
	376	amino	TRP
		 N  	-68.495	16.385	-18.204
		 CA 	-69.186	16.878	-19.367
		 C  	-68.239	17.933	-19.937
		 O  	-67.668	18.744	-19.188
		 CB 	-70.509	17.513	-18.951
		 CG 	-70.946	18.656	-19.835
		 CD1	-70.645	19.997	-19.68
		 CD2	-71.793	18.569	-20.965
		 NE1	-71.27	20.745	-20.653
		 CE2	-71.983	19.895	-21.453
		 CE3	-72.427	17.508	-21.611
		 CZ2	-72.782	20.181	-22.558
		 CZ3	-73.233	17.784	-22.717
		 CH2	-73.403	19.119	-23.18
	377	amino	MET
		 N  	-68.026	17.878	-21.25
		 CA 	-67.166	18.848	-21.926
		 C  	-67.833	19.357	-23.202
		 O  	-68.516	18.608	-23.904
		 CB 	-65.823	18.23	-22.31
		 CG 	-64.941	17.83	-21.165
		 SD 	-63.304	17.29	-21.719
		 CE 	-63.535	15.57	-21.821
	378	amino	ASP
		 N  	-67.614	20.632	-23.497
		 CA 	-68.14	21.26	-24.693
		 C  	-67.185	22.395	-25.047
		 O  	-66.415	22.857	-24.201
		 CB 	-69.556	21.797	-24.452
		 CG 	-70.348	21.992	-25.754
		 OD1	-69.748	21.971	-26.855
		 OD2	-71.585	22.142	-25.67
	379	amino	TRP
		 N  	-67.23	22.836	-26.3
		 CA 	-66.353	23.912	-26.768
		 C  	-66.837	24.506	-28.098
		 O  	-67.672	23.911	-28.793
		 CB 	-64.94	23.361	-26.965
		 CG 	-64.895	22.219	-27.957
		 CD1	-64.652	22.309	-29.304
		 CD2	-65.105	20.821	-27.686
		 NE1	-64.7	21.06	-29.882
		 CE2	-64.975	20.13	-28.919
		 CE3	-65.389	20.086	-26.524
		 CZ2	-65.121	18.745	-29.023
		 CZ3	-65.532	18.701	-26.628
		 CH2	-65.398	18.047	-27.872
	380	amino	SER
		 N  	-66.309	25.681	-28.438
		 CA 	-66.63	26.343	-29.704
		 C  	-66.159	25.424	-30.845
		 O  	-64.978	25.085	-30.907
		 CB 	-65.886	27.677	-29.793
		 OG 	-66.316	28.583	-28.792
	381	amino	LYS
		 N  	-67.083	25.017	-31.718
		 CA 	-66.777	24.124	-32.843
		 C  	-65.559	24.557	-33.678
		 O  	-64.823	23.706	-34.186
		 CB 	-68.009	23.933	-33.765
		 CG 	-68.628	25.237	-34.303
		 CD 	-69.497	25.01	-35.558
		 CE 	-68.657	24.632	-36.803
		 NZ 	-67.652	25.681	-37.209
	382	amino	LYS
		 N  	-65.337	25.866	-33.791
		 CA 	-64.208	26.378	-34.546
		 C  	-62.877	25.765	-34.088
		 O  	-61.989	25.533	-34.908
		 CB 	-64.14	27.9	-34.444
		 CG 	-63.046	28.467	-35.319
		 CD 	-63.125	29.966	-35.484
		 CE 	-62.104	30.408	-36.527
		 NZ 	-62.088	31.885	-36.672
	383	amino	LEU
		 N  	-62.77	25.464	-32.788
		 CA 	-61.566	24.883	-32.176
		 C  	-61.095	23.602	-32.85
		 O  	-59.896	23.294	-32.852
		 CB 	-61.795	24.628	-30.68
		 CG 	-62.084	25.822	-29.766
		 CD1	-62.29	25.307	-28.355
		 CD2	-60.961	26.84	-29.808
	384	amino	ASN
		 N  	-62.043	22.861	-33.419
		 CA 	-61.739	21.621	-34.12
		 C  	-60.799	21.839	-35.306
		 O  	-60.102	20.917	-35.709
		 CB 	-63.023	20.957	-34.638
		 CG 	-63.993	20.612	-33.528
		 OD1	-63.619	20.581	-32.368
		 ND2	-65.244	20.361	-33.879
	385	amino	ASN
		 N  	-60.761	23.058	-35.842
		 CA 	-59.937	23.369	-37.012
		 C  	-58.488	23.731	-36.778
		 O  	-57.748	23.926	-37.744
		 CB 	-60.611	24.46	-37.854
		 CG 	-62.031	24.082	-38.258
		 OD1	-62.327	22.896	-38.49
		 ND2	-62.929	25.078	-38.31
	386	amino	TYR
		 N  	-58.075	23.806	-35.512
		 CA 	-56.69	24.163	-35.182
		 C  	-55.725	23.186	-35.835
		 O  	-54.749	23.596	-36.475
		 CB 	-56.471	24.195	-33.65
		 CG 	-55.061	24.556	-33.193
		 CD1	-54.566	25.86	-33.303
		 CD2	-54.246	23.6	-32.587
		 CE1	-53.273	26.201	-32.8
		 CE2	-52.974	23.919	-32.095
		 CZ 	-52.497	25.211	-32.194
		 OH 	-51.261	25.499	-31.655
	387	amino	ALA
		 N  	-56.021	21.901	-35.687
		 CA 	-55.188	20.844	-36.246
		 C  	-56.104	19.714	-36.643
		 O  	-57.248	19.688	-36.208
		 CB 	-54.209	20.358	-35.235
	388	amino	SER
		 N  	-55.605	18.788	-37.462
		 CA 	-56.397	17.647	-37.935
		 C  	-56.083	16.347	-37.19
		 O  	-56.856	15.381	-37.256
		 CB 	-56.189	17.449	-39.436
		 OG 	-54.809	17.4	-39.738
	389	amino	ASP
		 N  	-54.93	16.313	-36.52
		 CA 	-54.514	15.15	-35.732
		 C  	-54.678	15.479	-34.237
		 O  	-54.016	14.915	-33.375
		 CB 	-53.062	14.774	-36.058
		 CG 	-52.104	15.954	-35.956
		 OD1	-52.53	17.087	-35.624
		 OD2	-50.9	15.742	-36.22
	390	amino	ASP
		 N  	-55.574	16.425	-33.984
		 CA 	-55.943	16.955	-32.679
		 C  	-56.94	16.01	-32.039
		 O  	-57.463	15.101	-32.69
		 CB 	-56.731	18.245	-32.934
		 CG 	-56.181	19.44	-32.231
		 OD1	-55.103	19.342	-31.624
		 OD2	-56.834	20.498	-32.319
	391	amino	ALA
		 N  	-57.304	16.326	-30.801
		 CA 	-58.305	15.56	-30.076
		 C  	-59.655	16.191	-30.423
		 O  	-60.598	15.488	-30.774
		 CB 	-58.056	15.632	-28.574
	392	amino	LEU
		 N  	-59.728	17.521	-30.359
		 CA 	-60.974	18.221	-30.66
		 C  	-61.336	18.168	-32.136
		 O  	-60.749	18.858	-32.962
		 CB 	-60.942	19.685	-30.206
		 CG 	-60.766	20.067	-28.731
		 CD1	-61.134	21.537	-28.552
		 CD2	-61.602	19.195	-27.807
	393	amino	GLY
		 N  	-62.338	17.369	-32.462
		 CA 	-62.749	17.273	-33.841
		 C  	-62.418	15.923	-34.406
		 O  	-62.859	15.616	-35.503
	394	amino	SER
		 N  	-61.624	15.131	-33.686
		 CA 	-61.264	13.791	-34.145
		 C  	-62.535	12.951	-34.112
		 O  	-63.56	13.374	-33.566
		 CB 	-60.177	13.166	-33.262
		 OG 	-60.62	12.995	-31.926
	395	amino	ASP
		 N  	-62.473	11.755	-34.679
		 CA 	-63.644	10.893	-34.741
		 C  	-64.282	10.589	-33.39
		 O  	-63.666	9.975	-32.525
		 CB 	-63.28	9.591	-35.451
		 CG 	-64.465	8.968	-36.168
		 OD1	-65.192	8.155	-35.544
		 OD2	-64.663	9.298	-37.362
	396	amino	GLY
		 N  	-65.51	11.057	-33.206
		 CA 	-66.226	10.793	-31.969
		 C  	-66.01	11.792	-30.859
		 O  	-66.495	11.612	-29.742
	397	amino	PHE
		 N  	-65.299	12.863	-31.168
		 CA 	-65.027	13.895	-30.181
		 C  	-65.089	15.249	-30.886
		 O  	-64.183	16.064	-30.787
		 CB 	-63.642	13.656	-29.565
		 CG 	-63.5	14.182	-28.164
		 CD1	-64.134	13.541	-27.099
		 CD2	-62.723	15.311	-27.903
		 CE1	-64.0	14.009	-25.797
		 CE2	-62.58	15.79	-26.594
		 CZ 	-63.219	15.137	-25.543
	398	amino	ASN
		 N  	-66.177	15.477	-31.605
		 CA 	-66.34	16.72	-32.346
		 C  	-67.617	17.454	-31.988
		 O  	-67.678	18.685	-32.07
		 CB 	-66.28	16.458	-33.866
		 CG 	-67.129	15.265	-34.3
		 OD1	-66.604	14.207	-34.671
		 ND2	-68.442	15.436	-34.267
	399	amino	SER
		 N  	-68.625	16.69	-31.565
		 CA 	-69.939	17.236	-31.196
		 C  	-69.86	18.276	-30.09
		 O  	-68.774	18.628	-29.615
		 CB 	-70.898	16.111	-30.75
		 OG 	-71.218	15.228	-31.812
	400	amino	GLY
		 N  	-71.03	18.77	-29.702
		 CA 	-71.109	19.735	-28.626
		 C  	-70.77	19.028	-27.323
		 O  	-69.593	18.926	-26.961
	401	amino	GLY
		 N  	-71.784	18.468	-26.666
		 CA 	-71.568	17.773	-25.406
		 C  	-70.909	16.406	-25.45
		 O  	-71.22	15.587	-26.311
	402	amino	GLU
		 N  	-69.988	16.173	-24.516
		 CA 	-69.255	14.907	-24.407
		 C  	-69.235	14.472	-22.938
		 O  	-68.744	15.211	-22.058
		 CB 	-67.803	15.045	-24.915
		 CG 	-67.624	15.301	-26.424
		 CD 	-68.012	14.113	-27.306
		 OE1	-67.849	12.951	-26.853
		 OE2	-68.477	14.349	-28.454
	403	amino	TRP
		 N  	-69.781	13.283	-22.689
		 CA 	-69.865	12.709	-21.352
		 C  	-68.807	11.649	-21.133
		 O  	-68.507	10.871	-22.04
		 CB 	-71.24	12.061	-21.122
		 CG 	-72.366	13.035	-20.981
		 CD1	-73.183	13.492	-21.969
		 CD2	-72.785	13.696	-19.776
		 NE1	-74.082	14.399	-21.464
		 CE2	-73.861	14.546	-20.12
		 CE3	-72.35	13.66	-18.438
		 CZ2	-74.52	15.357	-19.169
		 CZ3	-73.003	14.47	-17.491
		 CH2	-74.074	15.305	-17.867
	404	amino	SER
		 N  	-68.265	11.596	-19.917
		 CA 	-67.259	10.587	-19.561
		 C  	-67.49	10.059	-18.136
		 O  	-68.097	10.741	-17.309
		 CB 	-65.853	11.149	-19.723
		 OG 	-65.804	12.47	-19.241
	405	amino	PHE
		 N  	-67.085	8.814	-17.888
		 CA 	-67.231	8.175	-16.576
		 C  	-65.977	7.371	-16.277
		 O  	-65.255	6.979	-17.194
		 CB 	-68.424	7.222	-16.56
		 CG 	-69.689	7.831	-17.073
		 CD1	-69.956	7.858	-18.449
		 CD2	-70.613	8.388	-16.194
		 CE1	-71.121	8.434	-18.944
		 CE2	-71.79	8.972	-16.675
		 CZ 	-72.042	8.995	-18.06
	406	amino	GLY
		 N  	-65.714	7.116	-14.998
		 CA 	-64.544	6.332	-14.656
		 C  	-64.199	6.255	-13.19
		 O  	-64.927	6.759	-12.335
	407	amino	VAL
		 N  	-63.079	5.582	-12.919
		 CA 	-62.525	5.388	-11.581
		 C  	-61.0	5.593	-11.683
		 O  	-60.37	5.248	-12.697
		 CB 	-62.689	3.931	-11.061
		 CG1	-62.762	3.937	-9.555
		 CG2	-63.868	3.236	-11.662
	408	amino	GLN
		 N  	-60.403	6.136	-10.629
		 CA 	-58.96	6.323	-10.612
		 C  	-58.447	6.511	-9.182
		 O  	-59.187	6.911	-8.302
		 CB 	-58.548	7.549	-11.45
		 CG 	-58.45	8.862	-10.653
		 CD 	-57.626	9.953	-11.344
		 OE1	-58.041	11.117	-11.389
		 NE2	-56.46	9.59	-11.863
	409	amino	MET
		 N  	-57.172	6.224	-8.972
		 CA 	-56.544	6.45	-7.686
		 C  	-55.402	7.418	-7.936
		 O  	-54.952	7.561	-9.071
		 CB 	-55.997	5.141	-7.091
		 CG 	-54.77	4.563	-7.779
		 SD 	-53.261	5.532	-7.629
		 CE 	-52.046	4.312	-8.04
	410	amino	GLU
		 N  	-54.99	8.136	-6.898
		 CA 	-53.841	9.033	-6.982
		 C  	-53.243	9.144	-5.585
		 O  	-53.979	9.16	-4.601
		 CB 	-54.223	10.435	-7.475
		 CG 	-53.014	11.388	-7.516
		 CD 	-53.399	12.815	-7.824
		 OE1	-54.109	13.439	-7.005
		 OE2	-53.006	13.327	-8.894
	411	amino	THR
		 N  	-51.918	9.099	-5.505
		 CA 	-51.188	9.264	-4.257
		 C  	-49.794	9.774	-4.512
		 O  	-49.288	9.819	-5.641
		 CB 	-50.95	7.97	-3.443
		 OG1	-50.408	6.946	-4.282
		 CG2	-52.176	7.504	-2.796
	412	amino	TRP
		 N  	-49.183	10.144	-3.406
		 CA 	-47.829	10.591	-3.358
		 C  	-47.469	10.44	-1.894
		 O  	-48.334	10.527	-1.024
		 CB 	-47.668	12.009	-3.895
		 CG 	-48.482	13.058	-3.261
		 CD1	-48.366	13.532	-1.984
		 CD2	-49.436	13.904	-3.914
		 NE1	-49.174	14.635	-1.81
		 CE2	-49.842	14.883	-2.98
		 CE3	-49.979	13.937	-5.201
		 CZ2	-50.764	15.889	-3.295
		 CZ3	-50.898	14.942	-5.515
		 CH2	-51.28	15.903	-4.561
	413	amino	PHE
		 N  	-46.207	10.122	-1.65
		 CA 	-45.678	9.893	-0.32
		 C  	-44.16	10.037	-0.385
		 O  	-43.49	9.732	0.62
		 CB 	-46.037	8.475	0.093
		 CG 	-45.671	7.455	-0.929
		 CD1	-44.412	6.872	-0.936
		 CD2	-46.573	7.105	-1.929
		 CE1	-44.049	5.952	-1.925
		 CE2	-46.22	6.184	-2.928
		 CZ 	-44.95	5.61	-2.919
		 OXT	-43.646	10.439	-1.449
</system-out>
  </testcase>
  <testcase time="2.956" classname="PDBParserTest" name="testLoad">
    <failure message="The test case is a prototype." type="junit.framework.AssertionFailedError">junit.framework.AssertionFailedError: The test case is a prototype.
	at junit.framework.Assert.fail(Assert.java:47)
	at PDBParserTest.testLoad(PDBParserTest.java:53)
</failure>
    <system-out>load
java.io.FileNotFoundException: 
</system-out>
    <system-err>Problem while loading: 
java.io.FileNotFoundException: 
	at java.io.FileInputStream.open(Native Method)
	at java.io.FileInputStream.&lt;init&gt;(FileInputStream.java:146)
	at org.biojava3.core.util.InputStreamProvider.getInputStreamFromFile(InputStreamProvider.java:257)
	at org.biojava3.core.util.InputStreamProvider.getInputStream(InputStreamProvider.java:164)
	at org.biojava.bio.structure.io.PDBFileReader.getStructure(PDBFileReader.java:913)
	at org.biojava.bio.structure.io.PDBFileReader.getStructure(PDBFileReader.java:899)
	at PDBParser.loadStructure(PDBParser.java:67)
	at PDBParser.load(PDBParser.java:57)
	at PDBParserTest.testLoad(PDBParserTest.java:50)
	at sun.reflect.NativeMethodAccessorImpl.invoke0(Native Method)
	at sun.reflect.NativeMethodAccessorImpl.invoke(NativeMethodAccessorImpl.java:57)
	at sun.reflect.DelegatingMethodAccessorImpl.invoke(DelegatingMethodAccessorImpl.java:43)
	at java.lang.reflect.Method.invoke(Method.java:606)
	at junit.framework.TestCase.runTest(TestCase.java:154)
	at junit.framework.TestCase.runBare(TestCase.java:127)
	at junit.framework.TestResult$1.protect(TestResult.java:106)
	at junit.framework.TestResult.runProtected(TestResult.java:124)
	at junit.framework.TestResult.run(TestResult.java:109)
	at junit.framework.TestCase.run(TestCase.java:118)
	at junit.framework.TestSuite.runTest(TestSuite.java:208)
	at junit.framework.TestSuite.run(TestSuite.java:203)
	at sun.reflect.NativeMethodAccessorImpl.invoke0(Native Method)
	at sun.reflect.NativeMethodAccessorImpl.invoke(NativeMethodAccessorImpl.java:57)
	at sun.reflect.DelegatingMethodAccessorImpl.invoke(DelegatingMethodAccessorImpl.java:43)
	at java.lang.reflect.Method.invoke(Method.java:606)
	at org.apache.maven.surefire.junit.JUnitTestSet.execute(JUnitTestSet.java:96)
	at org.apache.maven.surefire.junit.JUnit3Provider.executeTestSet(JUnit3Provider.java:117)
	at org.apache.maven.surefire.junit.JUnit3Provider.invoke(JUnit3Provider.java:94)
	at sun.reflect.NativeMethodAccessorImpl.invoke0(Native Method)
	at sun.reflect.NativeMethodAccessorImpl.invoke(NativeMethodAccessorImpl.java:57)
	at sun.reflect.DelegatingMethodAccessorImpl.invoke(DelegatingMethodAccessorImpl.java:43)
	at java.lang.reflect.Method.invoke(Method.java:606)
	at org.apache.maven.surefire.util.ReflectionUtils.invokeMethodWithArray(ReflectionUtils.java:164)
	at org.apache.maven.surefire.booter.ProviderFactory$ProviderProxy.invoke(ProviderFactory.java:110)
	at org.apache.maven.surefire.booter.SurefireStarter.invokeProvider(SurefireStarter.java:175)
	at org.apache.maven.surefire.booter.SurefireStarter.runSuitesInProcessWhenForked(SurefireStarter.java:107)
	at org.apache.maven.surefire.booter.ForkedBooter.main(ForkedBooter.java:68)
</system-err>
  </testcase>
  <testcase time="3.336" classname="PDBParserTest" name="testGetChain">
    <failure message="The test case is a prototype." type="junit.framework.AssertionFailedError">junit.framework.AssertionFailedError: The test case is a prototype.
	at junit.framework.Assert.fail(Assert.java:47)
	at PDBParserTest.testGetChain(PDBParserTest.java:67)
</failure>
    <system-out>getChain
</system-out>
  </testcase>
  <testcase time="0" classname="PDBParserTest" name="testGetChains">
    <failure message="The test case is a prototype." type="junit.framework.AssertionFailedError">junit.framework.AssertionFailedError: The test case is a prototype.
	at junit.framework.Assert.fail(Assert.java:47)
	at PDBParserTest.testGetChains(PDBParserTest.java:80)
</failure>
    <system-out>getChains
</system-out>
  </testcase>
  <testcase time="1.554" classname="PDBParserTest" name="testGetGroups">
    <failure message="The test case is a prototype." type="junit.framework.AssertionFailedError">junit.framework.AssertionFailedError: The test case is a prototype.
	at junit.framework.Assert.fail(Assert.java:47)
	at PDBParserTest.testGetGroups(PDBParserTest.java:94)
</failure>
    <system-out>getGroups
</system-out>
  </testcase>
</testsuite>