<?xml version="1.0" encoding="UTF-8" ?>
<testsuite failures="4" time="0.374" errors="1" skipped="0" tests="5" name="PDBParserTest">
  <properties>
[...]
</properties>
  <testcase time="0.007" classname="PDBParserTest" name="testGetChain">
    <failure message="The test case is a prototype." type="junit.framework.AssertionFailedError">junit.framework.AssertionFailedError: The test case is a prototype.
	at junit.framework.Assert.fail(Assert.java:47)
	at PDBParserTest.testGetChain(PDBParserTest.java:67)
</failure>
    <system-out>getChain
</system-out>
  </testcase>
  <testcase time="0.049" classname="PDBParserTest" name="testLoad">
    <failure message="The test case is a prototype." type="junit.framework.AssertionFailedError">junit.framework.AssertionFailedError: The test case is a prototype.
	at junit.framework.Assert.fail(Assert.java:47)
	at PDBParserTest.testLoad(PDBParserTest.java:53)
</failure>
    <system-out>load
java.io.FileNotFoundException: 
</system-out>
    <system-err>Problem while loading: 
java.io.FileNotFoundException: 
	at java.io.FileInputStream.open(Native Method)
	at java.io.FileInputStream.&lt;init&gt;(FileInputStream.java:146)
	at org.biojava3.core.util.InputStreamProvider.getInputStreamFromFile(InputStreamProvider.java:257)
	at org.biojava3.core.util.InputStreamProvider.getInputStream(InputStreamProvider.java:164)
	at org.biojava.bio.structure.io.PDBFileReader.getStructure(PDBFileReader.java:913)
	at org.biojava.bio.structure.io.PDBFileReader.getStructure(PDBFileReader.java:899)
	at PDBParser.loadStructure(PDBParser.java:135)
	at PDBParser.load(PDBParser.java:125)
	at PDBParserTest.testLoad(PDBParserTest.java:50)
	at sun.reflect.NativeMethodAccessorImpl.invoke0(Native Method)
	at sun.reflect.NativeMethodAccessorImpl.invoke(NativeMethodAccessorImpl.java:57)
	at sun.reflect.DelegatingMethodAccessorImpl.invoke(DelegatingMethodAccessorImpl.java:43)
	at java.lang.reflect.Method.invoke(Method.java:606)
	at junit.framework.TestCase.runTest(TestCase.java:154)
	at junit.framework.TestCase.runBare(TestCase.java:127)
	at junit.framework.TestResult$1.protect(TestResult.java:106)
	at junit.framework.TestResult.runProtected(TestResult.java:124)
	at junit.framework.TestResult.run(TestResult.java:109)
	at junit.framework.TestCase.run(TestCase.java:118)
	at junit.framework.TestSuite.runTest(TestSuite.java:208)
	at junit.framework.TestSuite.run(TestSuite.java:203)
	at sun.reflect.NativeMethodAccessorImpl.invoke0(Native Method)
	at sun.reflect.NativeMethodAccessorImpl.invoke(NativeMethodAccessorImpl.java:57)
	at sun.reflect.DelegatingMethodAccessorImpl.invoke(DelegatingMethodAccessorImpl.java:43)
	at java.lang.reflect.Method.invoke(Method.java:606)
	at org.apache.maven.surefire.junit.JUnitTestSet.execute(JUnitTestSet.java:96)
	at org.apache.maven.surefire.junit.JUnit3Provider.executeTestSet(JUnit3Provider.java:117)
	at org.apache.maven.surefire.junit.JUnit3Provider.invoke(JUnit3Provider.java:94)
	at sun.reflect.NativeMethodAccessorImpl.invoke0(Native Method)
	at sun.reflect.NativeMethodAccessorImpl.invoke(NativeMethodAccessorImpl.java:57)
	at sun.reflect.DelegatingMethodAccessorImpl.invoke(DelegatingMethodAccessorImpl.java:43)
	at java.lang.reflect.Method.invoke(Method.java:606)
	at org.apache.maven.surefire.util.ReflectionUtils.invokeMethodWithArray(ReflectionUtils.java:164)
	at org.apache.maven.surefire.booter.ProviderFactory$ProviderProxy.invoke(ProviderFactory.java:110)
	at org.apache.maven.surefire.booter.SurefireStarter.invokeProvider(SurefireStarter.java:175)
	at org.apache.maven.surefire.booter.SurefireStarter.runSuitesInProcessWhenForked(SurefireStarter.java:107)
	at org.apache.maven.surefire.booter.ForkedBooter.main(ForkedBooter.java:68)
</system-err>
  </testcase>
  <testcase time="0.305" classname="PDBParserTest" name="testTest">
    <error message="Uncompilable source code - Erroneous tree type: &lt;any&gt;" type="java.lang.RuntimeException">java.lang.RuntimeException: Uncompilable source code - Erroneous tree type: &lt;any&gt;
	at PDBParser.Test(PDBParser.java:52)
	at PDBParserTest.testTest(PDBParserTest.java:37)
</error>
    <system-out>Test
structure  1A0S Authors: K.DIEDERICHS,W.WELTE BioUnitTranformationMap: {} NrBioAssemblies: -1 Classification: OUTER MEMBRANE PROTEIN IdCode: 1A0S DepDate: Sun Dec 07 00:00:00 CST 1997 Technique: X-RAY DIFFRACTION  Resolution: 2.4 ModDate: Tue Feb 24 00:00:00 CST 2009 Title: SUCROSE-SPECIFIC PORIN 
 chains:
chain 0: &gt;P&lt; SUCROSE-SPECIFIC PORIN
 length SEQRES: 0 length ATOM: 522 aminos: 413 hetatms: 109 nucleotides: 0
chain 1: &gt;Q&lt; SUCROSE-SPECIFIC PORIN
 length SEQRES: 0 length ATOM: 526 aminos: 413 hetatms: 113 nucleotides: 0
chain 2: &gt;R&lt; SUCROSE-SPECIFIC PORIN
 length SEQRES: 0 length ATOM: 524 aminos: 413 hetatms: 111 nucleotides: 0
DBRefs: 3
DBREF  1A0S P   71   483  UNP    P22340   SCRY_SALTY      93    505
DBREF  1A0S Q   71   483  UNP    P22340   SCRY_SALTY      93    505
DBREF  1A0S R   71   483  UNP    P22340   SCRY_SALTY      93    505
Molecules: 
Compound: 1 SUCROSE-SPECIFIC PORIN Chains: OrganismScientific: SALMONELLA TYPHIMURIUM OrganismTaxId: 602 CellularLocation: OUTER MEMBRANE ExpressionSystem: ESCHERICHIA COLI ExpressionSystemTaxId: 562 ExpressionSystemStrain: K-12, KS 26 ExpressionSystemVectorType: BACTERIAL ExpressionSystemPlasmid: PSO112 ExpressionSystemCellularLocation: OUTER MEMBRANE ChainId: P Q R Engineered: YES Gene: SCRY 


P
</system-out>
  </testcase>
  <testcase time="0" classname="PDBParserTest" name="testGetChains">
    <failure message="The test case is a prototype." type="junit.framework.AssertionFailedError">junit.framework.AssertionFailedError: The test case is a prototype.
	at junit.framework.Assert.fail(Assert.java:47)
	at PDBParserTest.testGetChains(PDBParserTest.java:80)
</failure>
    <system-out>getChains
</system-out>
  </testcase>
  <testcase time="0" classname="PDBParserTest" name="testGetGroups">
    <failure message="The test case is a prototype." type="junit.framework.AssertionFailedError">junit.framework.AssertionFailedError: The test case is a prototype.
	at junit.framework.Assert.fail(Assert.java:47)
	at PDBParserTest.testGetGroups(PDBParserTest.java:94)
</failure>
    <system-out>getGroups
</system-out>
  </testcase>
</testsuite>